2024-11-21T08:57:26,391 [main] INFO  (Logger.java:112) - [Utils] MethodGroupsHelper.collectMethodsByGroup() took 1 ms.
2024-11-21T08:57:26,406 [main] INFO  (Logger.java:112) - [Utils] MethodGroupsHelper.sortMethods() took 1 ms.
2024-11-21T08:57:26,408 [main] INFO  (Logger.java:112) - [Utils] MethodGroupsHelper.collectMethodsByGroup() took 0 ms.
2024-11-21T08:57:26,409 [main] INFO  (Logger.java:112) - [Utils] MethodGroupsHelper.sortMethods() took 0 ms.
2024-11-21T08:57:26,409 [main] INFO  (Logger.java:112) - [Utils] MethodGroupsHelper.collectMethodsByGroup() took 0 ms.
2024-11-21T08:57:26,410 [main] INFO  (Logger.java:112) - [Utils] MethodGroupsHelper.sortMethods() took 0 ms.
2024-11-21T08:57:26,410 [main] INFO  (Logger.java:112) - [Utils] MethodGroupsHelper.collectMethodsByGroup() took 0 ms.
2024-11-21T08:57:26,411 [main] INFO  (Logger.java:112) - [Utils] MethodGroupsHelper.sortMethods() took 0 ms.
2024-11-21T08:57:26,412 [main] INFO  (Logger.java:112) - [Utils] MethodGroupsHelper.collectMethodsByGroup() took 0 ms.
2024-11-21T08:57:26,419 [main] INFO  (Logger.java:112) - [Utils] MethodGroupsHelper.sortMethods() took 6 ms.
2024-11-21T08:57:26,421 [main] INFO  (Logger.java:112) - [Utils] MethodGroupsHelper.collectMethodsByGroup() took 0 ms.
2024-11-21T08:57:26,421 [main] INFO  (Logger.java:112) - [Utils] MethodGroupsHelper.sortMethods() took 0 ms.
2024-11-21T08:57:26,422 [main] INFO  (Logger.java:112) - [Utils] MethodGroupsHelper.collectMethodsByGroup() took 0 ms.
2024-11-21T08:57:26,422 [main] INFO  (Logger.java:112) - [Utils] MethodGroupsHelper.sortMethods() took 0 ms.
2024-11-21T08:57:26,423 [main] INFO  (Logger.java:112) - [Utils] MethodGroupsHelper.collectMethodsByGroup() took 0 ms.
2024-11-21T08:57:26,423 [main] INFO  (Logger.java:112) - [Utils] MethodGroupsHelper.sortMethods() took 0 ms.
2024-11-21T08:57:26,425 [main] INFO  (Logger.java:112) - [Utils] MethodGroupsHelper.collectMethodsByGroup() took 0 ms.
2024-11-21T08:57:26,425 [main] INFO  (Logger.java:112) - [Utils] MethodGroupsHelper.sortMethods() took 0 ms.
2024-11-21T08:57:26,425 [main] INFO  (Logger.java:112) - [Utils] MethodGroupsHelper.collectMethodsByGroup() took 0 ms.
2024-11-21T08:57:26,426 [main] INFO  (Logger.java:112) - [Utils] MethodGroupsHelper.sortMethods() took 0 ms.
2024-11-21T08:57:26,426 [main] INFO  (Logger.java:112) - [Utils] MethodGroupsHelper.collectMethodsByGroup() took 0 ms.
2024-11-21T08:57:26,427 [main] INFO  (Logger.java:112) - [Utils] MethodGroupsHelper.sortMethods() took 0 ms.
2024-11-21T08:57:26,427 [main] INFO  (Logger.java:112) - [Utils] MethodGroupsHelper.collectMethodsByGroup() took 0 ms.
2024-11-21T08:57:26,427 [main] INFO  (Logger.java:112) - [Utils] MethodGroupsHelper.sortMethods() took 0 ms.
2024-11-21T08:57:26,432 [main] INFO  (Logger.java:112) - [Utils] MethodGroupsHelper.collectMethodsByGroup() took 4 ms.
2024-11-21T08:57:26,433 [main] INFO  (Logger.java:112) - [Utils] MethodGroupsHelper.sortMethods() took 0 ms.
2024-11-21T08:57:26,434 [main] INFO  (Logger.java:112) - [Utils] MethodGroupsHelper.collectMethodsByGroup() took 0 ms.
2024-11-21T08:57:26,434 [main] INFO  (Logger.java:112) - [Utils] MethodGroupsHelper.sortMethods() took 0 ms.
2024-11-21T08:57:26,434 [main] INFO  (Logger.java:112) - [Utils] MethodGroupsHelper.collectMethodsByGroup() took 0 ms.
2024-11-21T08:57:26,435 [main] INFO  (Logger.java:112) - [Utils] MethodGroupsHelper.sortMethods() took 0 ms.
2024-11-21T08:57:26,442 [main] INFO  (Logger.java:112) - [TestNG] Running:
  /private/var/folders/zg/4_v0khk15fd8lh1227_q8ypw0000gn/T/testng-eclipse-1345358427/testng-customsuite.xml

2024-11-21T08:57:26,459 [main] INFO  (Logger.java:112) - [Utils] DynamicGraphHelper.createDynamicGraph() took 3 ms.
2024-11-21T08:57:31,279 [main] INFO  (Logger.java:112) - [TestNG] Time taken by org.testng.internal.ExitCodeListener@3151277f: 0 ms
2024-11-21T08:57:31,292 [main] INFO  (Logger.java:112) - [TestNG] Time taken by org.testng.reporters.SuiteHTMLReporter@1fd35a92: 12 ms
2024-11-21T08:57:31,326 [main] INFO  (Logger.java:112) - [TestNG] Time taken by org.testng.reporters.jq.Main@169d4aba: 32 ms
2024-11-21T08:57:31,327 [main] INFO  (Logger.java:112) - [TestNG] Time taken by org.testng.reporters.FailedReporter@612bb755: 0 ms
2024-11-21T08:57:31,337 [main] INFO  (Logger.java:112) - [TestNG] Time taken by org.testng.reporters.XMLReporter@796642ae: 10 ms
2024-11-21T08:57:31,341 [main] INFO  (Logger.java:112) - [TestNG] Time taken by org.testng.reporters.EmailableReporter2@7b58d678: 4 ms
2024-11-21T08:57:31,344 [main] INFO  (Logger.java:112) - [TestNG] Time taken by org.testng.reporters.JUnitReportReporter@62d6ac: 3 ms
2024-11-21T08:57:54,884 [main] INFO  (Logger.java:112) - [Utils] MethodGroupsHelper.collectMethodsByGroup() took 0 ms.
2024-11-21T08:57:54,888 [main] INFO  (Logger.java:112) - [Utils] MethodGroupsHelper.sortMethods() took 0 ms.
2024-11-21T08:57:54,890 [main] INFO  (Logger.java:112) - [Utils] MethodGroupsHelper.collectMethodsByGroup() took 0 ms.
2024-11-21T08:57:54,890 [main] INFO  (Logger.java:112) - [Utils] MethodGroupsHelper.sortMethods() took 0 ms.
2024-11-21T08:57:54,891 [main] INFO  (Logger.java:112) - [Utils] MethodGroupsHelper.collectMethodsByGroup() took 0 ms.
2024-11-21T08:57:54,891 [main] INFO  (Logger.java:112) - [Utils] MethodGroupsHelper.sortMethods() took 0 ms.
2024-11-21T08:57:54,892 [main] INFO  (Logger.java:112) - [Utils] MethodGroupsHelper.collectMethodsByGroup() took 0 ms.
2024-11-21T08:57:54,892 [main] INFO  (Logger.java:112) - [Utils] MethodGroupsHelper.sortMethods() took 0 ms.
2024-11-21T08:57:54,893 [main] INFO  (Logger.java:112) - [Utils] MethodGroupsHelper.collectMethodsByGroup() took 0 ms.
2024-11-21T08:57:54,900 [main] INFO  (Logger.java:112) - [Utils] MethodGroupsHelper.sortMethods() took 7 ms.
2024-11-21T08:57:54,902 [main] INFO  (Logger.java:112) - [Utils] MethodGroupsHelper.collectMethodsByGroup() took 0 ms.
2024-11-21T08:57:54,902 [main] INFO  (Logger.java:112) - [Utils] MethodGroupsHelper.sortMethods() took 0 ms.
2024-11-21T08:57:54,903 [main] INFO  (Logger.java:112) - [Utils] MethodGroupsHelper.collectMethodsByGroup() took 0 ms.
2024-11-21T08:57:54,903 [main] INFO  (Logger.java:112) - [Utils] MethodGroupsHelper.sortMethods() took 0 ms.
2024-11-21T08:57:54,903 [main] INFO  (Logger.java:112) - [Utils] MethodGroupsHelper.collectMethodsByGroup() took 0 ms.
2024-11-21T08:57:54,904 [main] INFO  (Logger.java:112) - [Utils] MethodGroupsHelper.sortMethods() took 0 ms.
2024-11-21T08:57:54,905 [main] INFO  (Logger.java:112) - [Utils] MethodGroupsHelper.collectMethodsByGroup() took 0 ms.
2024-11-21T08:57:54,905 [main] INFO  (Logger.java:112) - [Utils] MethodGroupsHelper.sortMethods() took 0 ms.
2024-11-21T08:57:54,906 [main] INFO  (Logger.java:112) - [Utils] MethodGroupsHelper.collectMethodsByGroup() took 0 ms.
2024-11-21T08:57:54,906 [main] INFO  (Logger.java:112) - [Utils] MethodGroupsHelper.sortMethods() took 0 ms.
2024-11-21T08:57:54,907 [main] INFO  (Logger.java:112) - [Utils] MethodGroupsHelper.collectMethodsByGroup() took 0 ms.
2024-11-21T08:57:54,907 [main] INFO  (Logger.java:112) - [Utils] MethodGroupsHelper.sortMethods() took 0 ms.
2024-11-21T08:57:54,907 [main] INFO  (Logger.java:112) - [Utils] MethodGroupsHelper.collectMethodsByGroup() took 0 ms.
2024-11-21T08:57:54,907 [main] INFO  (Logger.java:112) - [Utils] MethodGroupsHelper.sortMethods() took 0 ms.
2024-11-21T08:57:54,912 [main] INFO  (Logger.java:112) - [Utils] MethodGroupsHelper.collectMethodsByGroup() took 3 ms.
2024-11-21T08:57:54,912 [main] INFO  (Logger.java:112) - [Utils] MethodGroupsHelper.sortMethods() took 0 ms.
2024-11-21T08:57:54,913 [main] INFO  (Logger.java:112) - [Utils] MethodGroupsHelper.collectMethodsByGroup() took 0 ms.
2024-11-21T08:57:54,913 [main] INFO  (Logger.java:112) - [Utils] MethodGroupsHelper.sortMethods() took 0 ms.
2024-11-21T08:57:54,914 [main] INFO  (Logger.java:112) - [Utils] MethodGroupsHelper.collectMethodsByGroup() took 0 ms.
2024-11-21T08:57:54,914 [main] INFO  (Logger.java:112) - [Utils] MethodGroupsHelper.sortMethods() took 0 ms.
2024-11-21T08:57:54,920 [main] INFO  (Logger.java:112) - [TestNG] Running:
  /private/var/folders/zg/4_v0khk15fd8lh1227_q8ypw0000gn/T/testng-eclipse-116901161/testng-customsuite.xml

2024-11-21T08:57:54,933 [main] INFO  (Logger.java:112) - [Utils] DynamicGraphHelper.createDynamicGraph() took 2 ms.
2024-11-21T08:58:01,118 [main] INFO  (Logger.java:112) - [TestNG] Time taken by org.testng.internal.ExitCodeListener@3b50f432: 0 ms
2024-11-21T08:58:01,134 [main] INFO  (Logger.java:112) - [TestNG] Time taken by org.testng.reporters.SuiteHTMLReporter@6ad26381: 15 ms
2024-11-21T08:58:01,203 [main] INFO  (Logger.java:112) - [TestNG] Time taken by org.testng.reporters.jq.Main@59c38af5: 68 ms
2024-11-21T08:58:01,204 [main] INFO  (Logger.java:112) - [TestNG] Time taken by org.testng.reporters.FailedReporter@6244afc4: 1 ms
2024-11-21T08:58:01,217 [main] INFO  (Logger.java:112) - [TestNG] Time taken by org.testng.reporters.XMLReporter@33a8f553: 12 ms
2024-11-21T08:58:01,227 [main] INFO  (Logger.java:112) - [TestNG] Time taken by org.testng.reporters.EmailableReporter2@5cba474f: 9 ms
2024-11-21T08:58:01,233 [main] INFO  (Logger.java:112) - [TestNG] Time taken by org.testng.reporters.JUnitReportReporter@50a1af86: 6 ms
2024-11-21T12:14:47,971 [main] INFO  (Logger.java:112) - [Utils] MethodGroupsHelper.collectMethodsByGroup() took 0 ms.
2024-11-21T12:14:47,975 [main] INFO  (Logger.java:112) - [Utils] MethodGroupsHelper.sortMethods() took 1 ms.
2024-11-21T12:14:47,977 [main] INFO  (Logger.java:112) - [Utils] MethodGroupsHelper.collectMethodsByGroup() took 0 ms.
2024-11-21T12:14:47,977 [main] INFO  (Logger.java:112) - [Utils] MethodGroupsHelper.sortMethods() took 0 ms.
2024-11-21T12:14:47,977 [main] INFO  (Logger.java:112) - [Utils] MethodGroupsHelper.collectMethodsByGroup() took 0 ms.
2024-11-21T12:14:47,978 [main] INFO  (Logger.java:112) - [Utils] MethodGroupsHelper.sortMethods() took 0 ms.
2024-11-21T12:14:47,978 [main] INFO  (Logger.java:112) - [Utils] MethodGroupsHelper.collectMethodsByGroup() took 0 ms.
2024-11-21T12:14:47,979 [main] INFO  (Logger.java:112) - [Utils] MethodGroupsHelper.sortMethods() took 0 ms.
2024-11-21T12:14:47,979 [main] INFO  (Logger.java:112) - [Utils] MethodGroupsHelper.collectMethodsByGroup() took 0 ms.
2024-11-21T12:14:47,985 [main] INFO  (Logger.java:112) - [Utils] MethodGroupsHelper.sortMethods() took 5 ms.
2024-11-21T12:14:47,986 [main] INFO  (Logger.java:112) - [Utils] MethodGroupsHelper.collectMethodsByGroup() took 0 ms.
2024-11-21T12:14:47,987 [main] INFO  (Logger.java:112) - [Utils] MethodGroupsHelper.sortMethods() took 0 ms.
2024-11-21T12:14:47,987 [main] INFO  (Logger.java:112) - [Utils] MethodGroupsHelper.collectMethodsByGroup() took 0 ms.
2024-11-21T12:14:47,988 [main] INFO  (Logger.java:112) - [Utils] MethodGroupsHelper.sortMethods() took 0 ms.
2024-11-21T12:14:47,988 [main] INFO  (Logger.java:112) - [Utils] MethodGroupsHelper.collectMethodsByGroup() took 0 ms.
2024-11-21T12:14:47,988 [main] INFO  (Logger.java:112) - [Utils] MethodGroupsHelper.sortMethods() took 0 ms.
2024-11-21T12:14:47,991 [main] INFO  (Logger.java:112) - [Utils] MethodGroupsHelper.collectMethodsByGroup() took 0 ms.
2024-11-21T12:14:47,991 [main] INFO  (Logger.java:112) - [Utils] MethodGroupsHelper.sortMethods() took 0 ms.
2024-11-21T12:14:47,991 [main] INFO  (Logger.java:112) - [Utils] MethodGroupsHelper.collectMethodsByGroup() took 0 ms.
2024-11-21T12:14:47,992 [main] INFO  (Logger.java:112) - [Utils] MethodGroupsHelper.sortMethods() took 0 ms.
2024-11-21T12:14:47,992 [main] INFO  (Logger.java:112) - [Utils] MethodGroupsHelper.collectMethodsByGroup() took 0 ms.
2024-11-21T12:14:47,992 [main] INFO  (Logger.java:112) - [Utils] MethodGroupsHelper.sortMethods() took 0 ms.
2024-11-21T12:14:47,993 [main] INFO  (Logger.java:112) - [Utils] MethodGroupsHelper.collectMethodsByGroup() took 0 ms.
2024-11-21T12:14:47,993 [main] INFO  (Logger.java:112) - [Utils] MethodGroupsHelper.sortMethods() took 0 ms.
2024-11-21T12:14:47,997 [main] INFO  (Logger.java:112) - [Utils] MethodGroupsHelper.collectMethodsByGroup() took 3 ms.
2024-11-21T12:14:47,997 [main] INFO  (Logger.java:112) - [Utils] MethodGroupsHelper.sortMethods() took 0 ms.
2024-11-21T12:14:47,998 [main] INFO  (Logger.java:112) - [Utils] MethodGroupsHelper.collectMethodsByGroup() took 0 ms.
2024-11-21T12:14:47,999 [main] INFO  (Logger.java:112) - [Utils] MethodGroupsHelper.sortMethods() took 0 ms.
2024-11-21T12:14:47,999 [main] INFO  (Logger.java:112) - [Utils] MethodGroupsHelper.collectMethodsByGroup() took 0 ms.
2024-11-21T12:14:47,999 [main] INFO  (Logger.java:112) - [Utils] MethodGroupsHelper.sortMethods() took 0 ms.
2024-11-21T12:14:48,005 [main] INFO  (Logger.java:112) - [TestNG] Running:
  /private/var/folders/zg/4_v0khk15fd8lh1227_q8ypw0000gn/T/testng-eclipse--1514376838/testng-customsuite.xml

2024-11-21T12:14:48,017 [main] INFO  (Logger.java:112) - [Utils] DynamicGraphHelper.createDynamicGraph() took 2 ms.
2024-11-21T12:14:55,452 [main] INFO  (Logger.java:112) - [TestNG] Time taken by org.testng.internal.ExitCodeListener@22846a1d: 0 ms
2024-11-21T12:14:55,465 [main] INFO  (Logger.java:112) - [TestNG] Time taken by org.testng.reporters.SuiteHTMLReporter@2c3b0cc8: 12 ms
2024-11-21T12:14:55,505 [main] INFO  (Logger.java:112) - [TestNG] Time taken by org.testng.reporters.jq.Main@6cbb6c41: 39 ms
2024-11-21T12:14:55,515 [main] INFO  (Logger.java:112) - [TestNG] Time taken by org.testng.reporters.FailedReporter@238280df: 10 ms
2024-11-21T12:14:55,523 [main] INFO  (Logger.java:112) - [TestNG] Time taken by org.testng.reporters.XMLReporter@abf1816: 8 ms
2024-11-21T12:14:55,530 [main] INFO  (Logger.java:112) - [TestNG] Time taken by org.testng.reporters.EmailableReporter2@6958d5d0: 7 ms
2024-11-21T12:14:55,535 [main] INFO  (Logger.java:112) - [TestNG] Time taken by org.testng.reporters.JUnitReportReporter@c7c07ff: 4 ms
2024-11-21T12:19:50,785 [main] INFO  (Logger.java:112) - [Utils] MethodGroupsHelper.collectMethodsByGroup() took 0 ms.
2024-11-21T12:19:50,795 [main] INFO  (Logger.java:112) - [Utils] MethodGroupsHelper.sortMethods() took 2 ms.
2024-11-21T12:19:50,797 [main] INFO  (Logger.java:112) - [Utils] MethodGroupsHelper.collectMethodsByGroup() took 0 ms.
2024-11-21T12:19:50,798 [main] INFO  (Logger.java:112) - [Utils] MethodGroupsHelper.sortMethods() took 0 ms.
2024-11-21T12:19:50,798 [main] INFO  (Logger.java:112) - [Utils] MethodGroupsHelper.collectMethodsByGroup() took 0 ms.
2024-11-21T12:19:50,799 [main] INFO  (Logger.java:112) - [Utils] MethodGroupsHelper.sortMethods() took 0 ms.
2024-11-21T12:19:50,800 [main] INFO  (Logger.java:112) - [Utils] MethodGroupsHelper.collectMethodsByGroup() took 0 ms.
2024-11-21T12:19:50,800 [main] INFO  (Logger.java:112) - [Utils] MethodGroupsHelper.sortMethods() took 0 ms.
2024-11-21T12:19:50,802 [main] INFO  (Logger.java:112) - [Utils] MethodGroupsHelper.collectMethodsByGroup() took 0 ms.
2024-11-21T12:19:50,815 [main] INFO  (Logger.java:112) - [Utils] MethodGroupsHelper.sortMethods() took 12 ms.
2024-11-21T12:19:50,817 [main] INFO  (Logger.java:112) - [Utils] MethodGroupsHelper.collectMethodsByGroup() took 0 ms.
2024-11-21T12:19:50,818 [main] INFO  (Logger.java:112) - [Utils] MethodGroupsHelper.sortMethods() took 0 ms.
2024-11-21T12:19:50,819 [main] INFO  (Logger.java:112) - [Utils] MethodGroupsHelper.collectMethodsByGroup() took 0 ms.
2024-11-21T12:19:50,820 [main] INFO  (Logger.java:112) - [Utils] MethodGroupsHelper.sortMethods() took 0 ms.
2024-11-21T12:19:50,820 [main] INFO  (Logger.java:112) - [Utils] MethodGroupsHelper.collectMethodsByGroup() took 0 ms.
2024-11-21T12:19:50,821 [main] INFO  (Logger.java:112) - [Utils] MethodGroupsHelper.sortMethods() took 0 ms.
2024-11-21T12:19:50,823 [main] INFO  (Logger.java:112) - [Utils] MethodGroupsHelper.collectMethodsByGroup() took 0 ms.
2024-11-21T12:19:50,823 [main] INFO  (Logger.java:112) - [Utils] MethodGroupsHelper.sortMethods() took 0 ms.
2024-11-21T12:19:50,824 [main] INFO  (Logger.java:112) - [Utils] MethodGroupsHelper.collectMethodsByGroup() took 0 ms.
2024-11-21T12:19:50,824 [main] INFO  (Logger.java:112) - [Utils] MethodGroupsHelper.sortMethods() took 0 ms.
2024-11-21T12:19:50,826 [main] INFO  (Logger.java:112) - [Utils] MethodGroupsHelper.collectMethodsByGroup() took 0 ms.
2024-11-21T12:19:50,827 [main] INFO  (Logger.java:112) - [Utils] MethodGroupsHelper.sortMethods() took 0 ms.
2024-11-21T12:19:50,828 [main] INFO  (Logger.java:112) - [Utils] MethodGroupsHelper.collectMethodsByGroup() took 0 ms.
2024-11-21T12:19:50,828 [main] INFO  (Logger.java:112) - [Utils] MethodGroupsHelper.sortMethods() took 0 ms.
2024-11-21T12:19:50,837 [main] INFO  (Logger.java:112) - [Utils] MethodGroupsHelper.collectMethodsByGroup() took 7 ms.
2024-11-21T12:19:50,838 [main] INFO  (Logger.java:112) - [Utils] MethodGroupsHelper.sortMethods() took 0 ms.
2024-11-21T12:19:50,839 [main] INFO  (Logger.java:112) - [Utils] MethodGroupsHelper.collectMethodsByGroup() took 0 ms.
2024-11-21T12:19:50,839 [main] INFO  (Logger.java:112) - [Utils] MethodGroupsHelper.sortMethods() took 0 ms.
2024-11-21T12:19:50,840 [main] INFO  (Logger.java:112) - [Utils] MethodGroupsHelper.collectMethodsByGroup() took 0 ms.
2024-11-21T12:19:50,840 [main] INFO  (Logger.java:112) - [Utils] MethodGroupsHelper.sortMethods() took 0 ms.
2024-11-21T12:19:50,846 [main] INFO  (Logger.java:112) - [TestNG] Running:
  /private/var/folders/zg/4_v0khk15fd8lh1227_q8ypw0000gn/T/testng-eclipse-1636573279/testng-customsuite.xml

2024-11-21T12:19:50,860 [main] INFO  (Logger.java:112) - [Utils] DynamicGraphHelper.createDynamicGraph() took 3 ms.
2024-11-21T12:19:57,202 [main] INFO  (Logger.java:112) - [TestNG] Time taken by org.testng.internal.ExitCodeListener@43f7f48d: 0 ms
2024-11-21T12:19:57,211 [main] INFO  (Logger.java:112) - [TestNG] Time taken by org.testng.reporters.SuiteHTMLReporter@8e00c02: 9 ms
2024-11-21T12:19:57,239 [main] INFO  (Logger.java:112) - [TestNG] Time taken by org.testng.reporters.jq.Main@ce0bbd5: 28 ms
2024-11-21T12:19:57,249 [main] INFO  (Logger.java:112) - [TestNG] Time taken by org.testng.reporters.FailedReporter@55cb3b7: 9 ms
2024-11-21T12:19:57,271 [main] INFO  (Logger.java:112) - [TestNG] Time taken by org.testng.reporters.XMLReporter@27d6467: 21 ms
2024-11-21T12:19:57,278 [main] INFO  (Logger.java:112) - [TestNG] Time taken by org.testng.reporters.EmailableReporter2@446dacf9: 6 ms
2024-11-21T12:19:57,281 [main] INFO  (Logger.java:112) - [TestNG] Time taken by org.testng.reporters.JUnitReportReporter@374ba492: 3 ms
2024-11-21T12:23:48,658 [main] INFO  (Logger.java:112) - [Utils] MethodGroupsHelper.collectMethodsByGroup() took 0 ms.
2024-11-21T12:23:48,662 [main] INFO  (Logger.java:112) - [Utils] MethodGroupsHelper.sortMethods() took 0 ms.
2024-11-21T12:23:48,665 [main] INFO  (Logger.java:112) - [Utils] MethodGroupsHelper.collectMethodsByGroup() took 0 ms.
2024-11-21T12:23:48,665 [main] INFO  (Logger.java:112) - [Utils] MethodGroupsHelper.sortMethods() took 0 ms.
2024-11-21T12:23:48,666 [main] INFO  (Logger.java:112) - [Utils] MethodGroupsHelper.collectMethodsByGroup() took 0 ms.
2024-11-21T12:23:48,666 [main] INFO  (Logger.java:112) - [Utils] MethodGroupsHelper.sortMethods() took 0 ms.
2024-11-21T12:23:48,667 [main] INFO  (Logger.java:112) - [Utils] MethodGroupsHelper.collectMethodsByGroup() took 0 ms.
2024-11-21T12:23:48,667 [main] INFO  (Logger.java:112) - [Utils] MethodGroupsHelper.sortMethods() took 0 ms.
2024-11-21T12:23:48,668 [main] INFO  (Logger.java:112) - [Utils] MethodGroupsHelper.collectMethodsByGroup() took 0 ms.
2024-11-21T12:23:48,675 [main] INFO  (Logger.java:112) - [Utils] MethodGroupsHelper.sortMethods() took 6 ms.
2024-11-21T12:23:48,677 [main] INFO  (Logger.java:112) - [Utils] MethodGroupsHelper.collectMethodsByGroup() took 0 ms.
2024-11-21T12:23:48,678 [main] INFO  (Logger.java:112) - [Utils] MethodGroupsHelper.sortMethods() took 0 ms.
2024-11-21T12:23:48,678 [main] INFO  (Logger.java:112) - [Utils] MethodGroupsHelper.collectMethodsByGroup() took 0 ms.
2024-11-21T12:23:48,678 [main] INFO  (Logger.java:112) - [Utils] MethodGroupsHelper.sortMethods() took 0 ms.
2024-11-21T12:23:48,679 [main] INFO  (Logger.java:112) - [Utils] MethodGroupsHelper.collectMethodsByGroup() took 0 ms.
2024-11-21T12:23:48,679 [main] INFO  (Logger.java:112) - [Utils] MethodGroupsHelper.sortMethods() took 0 ms.
2024-11-21T12:23:48,681 [main] INFO  (Logger.java:112) - [Utils] MethodGroupsHelper.collectMethodsByGroup() took 0 ms.
2024-11-21T12:23:48,681 [main] INFO  (Logger.java:112) - [Utils] MethodGroupsHelper.sortMethods() took 0 ms.
2024-11-21T12:23:48,681 [main] INFO  (Logger.java:112) - [Utils] MethodGroupsHelper.collectMethodsByGroup() took 0 ms.
2024-11-21T12:23:48,682 [main] INFO  (Logger.java:112) - [Utils] MethodGroupsHelper.sortMethods() took 0 ms.
2024-11-21T12:23:48,682 [main] INFO  (Logger.java:112) - [Utils] MethodGroupsHelper.collectMethodsByGroup() took 0 ms.
2024-11-21T12:23:48,683 [main] INFO  (Logger.java:112) - [Utils] MethodGroupsHelper.sortMethods() took 0 ms.
2024-11-21T12:23:48,683 [main] INFO  (Logger.java:112) - [Utils] MethodGroupsHelper.collectMethodsByGroup() took 0 ms.
2024-11-21T12:23:48,683 [main] INFO  (Logger.java:112) - [Utils] MethodGroupsHelper.sortMethods() took 0 ms.
2024-11-21T12:23:48,687 [main] INFO  (Logger.java:112) - [Utils] MethodGroupsHelper.collectMethodsByGroup() took 3 ms.
2024-11-21T12:23:48,688 [main] INFO  (Logger.java:112) - [Utils] MethodGroupsHelper.sortMethods() took 0 ms.
2024-11-21T12:23:48,689 [main] INFO  (Logger.java:112) - [Utils] MethodGroupsHelper.collectMethodsByGroup() took 0 ms.
2024-11-21T12:23:48,689 [main] INFO  (Logger.java:112) - [Utils] MethodGroupsHelper.sortMethods() took 0 ms.
2024-11-21T12:23:48,689 [main] INFO  (Logger.java:112) - [Utils] MethodGroupsHelper.collectMethodsByGroup() took 0 ms.
2024-11-21T12:23:48,689 [main] INFO  (Logger.java:112) - [Utils] MethodGroupsHelper.sortMethods() took 0 ms.
2024-11-21T12:23:48,694 [main] INFO  (Logger.java:112) - [TestNG] Running:
  /private/var/folders/zg/4_v0khk15fd8lh1227_q8ypw0000gn/T/testng-eclipse-443019249/testng-customsuite.xml

2024-11-21T12:23:48,709 [main] INFO  (Logger.java:112) - [Utils] DynamicGraphHelper.createDynamicGraph() took 3 ms.
2024-11-21T12:28:36,017 [main] INFO  (Logger.java:112) - [Utils] MethodGroupsHelper.collectMethodsByGroup() took 0 ms.
2024-11-21T12:28:36,022 [main] INFO  (Logger.java:112) - [Utils] MethodGroupsHelper.sortMethods() took 0 ms.
2024-11-21T12:28:36,024 [main] INFO  (Logger.java:112) - [Utils] MethodGroupsHelper.collectMethodsByGroup() took 0 ms.
2024-11-21T12:28:36,024 [main] INFO  (Logger.java:112) - [Utils] MethodGroupsHelper.sortMethods() took 0 ms.
2024-11-21T12:28:36,025 [main] INFO  (Logger.java:112) - [Utils] MethodGroupsHelper.collectMethodsByGroup() took 0 ms.
2024-11-21T12:28:36,026 [main] INFO  (Logger.java:112) - [Utils] MethodGroupsHelper.sortMethods() took 0 ms.
2024-11-21T12:28:36,026 [main] INFO  (Logger.java:112) - [Utils] MethodGroupsHelper.collectMethodsByGroup() took 0 ms.
2024-11-21T12:28:36,027 [main] INFO  (Logger.java:112) - [Utils] MethodGroupsHelper.sortMethods() took 0 ms.
2024-11-21T12:28:36,028 [main] INFO  (Logger.java:112) - [Utils] MethodGroupsHelper.collectMethodsByGroup() took 0 ms.
2024-11-21T12:28:36,035 [main] INFO  (Logger.java:112) - [Utils] MethodGroupsHelper.sortMethods() took 6 ms.
2024-11-21T12:28:36,036 [main] INFO  (Logger.java:112) - [Utils] MethodGroupsHelper.collectMethodsByGroup() took 0 ms.
2024-11-21T12:28:36,037 [main] INFO  (Logger.java:112) - [Utils] MethodGroupsHelper.sortMethods() took 0 ms.
2024-11-21T12:28:36,039 [main] INFO  (Logger.java:112) - [Utils] MethodGroupsHelper.collectMethodsByGroup() took 0 ms.
2024-11-21T12:28:36,039 [main] INFO  (Logger.java:112) - [Utils] MethodGroupsHelper.sortMethods() took 0 ms.
2024-11-21T12:28:36,040 [main] INFO  (Logger.java:112) - [Utils] MethodGroupsHelper.collectMethodsByGroup() took 0 ms.
2024-11-21T12:28:36,040 [main] INFO  (Logger.java:112) - [Utils] MethodGroupsHelper.sortMethods() took 0 ms.
2024-11-21T12:28:36,042 [main] INFO  (Logger.java:112) - [Utils] MethodGroupsHelper.collectMethodsByGroup() took 0 ms.
2024-11-21T12:28:36,043 [main] INFO  (Logger.java:112) - [Utils] MethodGroupsHelper.sortMethods() took 0 ms.
2024-11-21T12:28:36,043 [main] INFO  (Logger.java:112) - [Utils] MethodGroupsHelper.collectMethodsByGroup() took 0 ms.
2024-11-21T12:28:36,043 [main] INFO  (Logger.java:112) - [Utils] MethodGroupsHelper.sortMethods() took 0 ms.
2024-11-21T12:28:36,044 [main] INFO  (Logger.java:112) - [Utils] MethodGroupsHelper.collectMethodsByGroup() took 0 ms.
2024-11-21T12:28:36,045 [main] INFO  (Logger.java:112) - [Utils] MethodGroupsHelper.sortMethods() took 0 ms.
2024-11-21T12:28:36,045 [main] INFO  (Logger.java:112) - [Utils] MethodGroupsHelper.collectMethodsByGroup() took 0 ms.
2024-11-21T12:28:36,045 [main] INFO  (Logger.java:112) - [Utils] MethodGroupsHelper.sortMethods() took 0 ms.
2024-11-21T12:28:36,050 [main] INFO  (Logger.java:112) - [Utils] MethodGroupsHelper.collectMethodsByGroup() took 4 ms.
2024-11-21T12:28:36,051 [main] INFO  (Logger.java:112) - [Utils] MethodGroupsHelper.sortMethods() took 0 ms.
2024-11-21T12:28:36,052 [main] INFO  (Logger.java:112) - [Utils] MethodGroupsHelper.collectMethodsByGroup() took 0 ms.
2024-11-21T12:28:36,052 [main] INFO  (Logger.java:112) - [Utils] MethodGroupsHelper.sortMethods() took 0 ms.
2024-11-21T12:28:36,052 [main] INFO  (Logger.java:112) - [Utils] MethodGroupsHelper.collectMethodsByGroup() took 0 ms.
2024-11-21T12:28:36,053 [main] INFO  (Logger.java:112) - [Utils] MethodGroupsHelper.sortMethods() took 0 ms.
2024-11-21T12:28:36,060 [main] INFO  (Logger.java:112) - [TestNG] Running:
  /private/var/folders/zg/4_v0khk15fd8lh1227_q8ypw0000gn/T/testng-eclipse-1691543110/testng-customsuite.xml

2024-11-21T12:28:36,076 [main] INFO  (Logger.java:112) - [Utils] DynamicGraphHelper.createDynamicGraph() took 3 ms.
2024-11-21T12:28:43,296 [main] INFO  (Logger.java:112) - [TestNG] Time taken by org.testng.internal.ExitCodeListener@43f7f48d: 0 ms
2024-11-21T12:28:43,309 [main] INFO  (Logger.java:112) - [TestNG] Time taken by org.testng.reporters.SuiteHTMLReporter@8e00c02: 13 ms
2024-11-21T12:28:43,346 [main] INFO  (Logger.java:112) - [TestNG] Time taken by org.testng.reporters.jq.Main@ce0bbd5: 37 ms
2024-11-21T12:28:43,355 [main] INFO  (Logger.java:112) - [TestNG] Time taken by org.testng.reporters.FailedReporter@55cb3b7: 8 ms
2024-11-21T12:28:43,362 [main] INFO  (Logger.java:112) - [TestNG] Time taken by org.testng.reporters.XMLReporter@27d6467: 7 ms
2024-11-21T12:28:43,368 [main] INFO  (Logger.java:112) - [TestNG] Time taken by org.testng.reporters.EmailableReporter2@446dacf9: 5 ms
2024-11-21T12:28:43,371 [main] INFO  (Logger.java:112) - [TestNG] Time taken by org.testng.reporters.JUnitReportReporter@374ba492: 3 ms
2024-11-21T12:29:27,586 [main] INFO  (Logger.java:112) - [Utils] MethodGroupsHelper.collectMethodsByGroup() took 1 ms.
2024-11-21T12:29:27,596 [main] INFO  (Logger.java:112) - [Utils] MethodGroupsHelper.sortMethods() took 2 ms.
2024-11-21T12:29:27,599 [main] INFO  (Logger.java:112) - [Utils] MethodGroupsHelper.collectMethodsByGroup() took 0 ms.
2024-11-21T12:29:27,600 [main] INFO  (Logger.java:112) - [Utils] MethodGroupsHelper.sortMethods() took 0 ms.
2024-11-21T12:29:27,601 [main] INFO  (Logger.java:112) - [Utils] MethodGroupsHelper.collectMethodsByGroup() took 0 ms.
2024-11-21T12:29:27,601 [main] INFO  (Logger.java:112) - [Utils] MethodGroupsHelper.sortMethods() took 0 ms.
2024-11-21T12:29:27,602 [main] INFO  (Logger.java:112) - [Utils] MethodGroupsHelper.collectMethodsByGroup() took 0 ms.
2024-11-21T12:29:27,602 [main] INFO  (Logger.java:112) - [Utils] MethodGroupsHelper.sortMethods() took 0 ms.
2024-11-21T12:29:27,604 [main] INFO  (Logger.java:112) - [Utils] MethodGroupsHelper.collectMethodsByGroup() took 0 ms.
2024-11-21T12:29:27,613 [main] INFO  (Logger.java:112) - [Utils] MethodGroupsHelper.sortMethods() took 8 ms.
2024-11-21T12:29:27,614 [main] INFO  (Logger.java:112) - [Utils] MethodGroupsHelper.collectMethodsByGroup() took 0 ms.
2024-11-21T12:29:27,615 [main] INFO  (Logger.java:112) - [Utils] MethodGroupsHelper.sortMethods() took 0 ms.
2024-11-21T12:29:27,616 [main] INFO  (Logger.java:112) - [Utils] MethodGroupsHelper.collectMethodsByGroup() took 0 ms.
2024-11-21T12:29:27,616 [main] INFO  (Logger.java:112) - [Utils] MethodGroupsHelper.sortMethods() took 0 ms.
2024-11-21T12:29:27,617 [main] INFO  (Logger.java:112) - [Utils] MethodGroupsHelper.collectMethodsByGroup() took 0 ms.
2024-11-21T12:29:27,617 [main] INFO  (Logger.java:112) - [Utils] MethodGroupsHelper.sortMethods() took 0 ms.
2024-11-21T12:29:27,619 [main] INFO  (Logger.java:112) - [Utils] MethodGroupsHelper.collectMethodsByGroup() took 0 ms.
2024-11-21T12:29:27,619 [main] INFO  (Logger.java:112) - [Utils] MethodGroupsHelper.sortMethods() took 0 ms.
2024-11-21T12:29:27,620 [main] INFO  (Logger.java:112) - [Utils] MethodGroupsHelper.collectMethodsByGroup() took 0 ms.
2024-11-21T12:29:27,620 [main] INFO  (Logger.java:112) - [Utils] MethodGroupsHelper.sortMethods() took 0 ms.
2024-11-21T12:29:27,621 [main] INFO  (Logger.java:112) - [Utils] MethodGroupsHelper.collectMethodsByGroup() took 0 ms.
2024-11-21T12:29:27,621 [main] INFO  (Logger.java:112) - [Utils] MethodGroupsHelper.sortMethods() took 0 ms.
2024-11-21T12:29:27,621 [main] INFO  (Logger.java:112) - [Utils] MethodGroupsHelper.collectMethodsByGroup() took 0 ms.
2024-11-21T12:29:27,622 [main] INFO  (Logger.java:112) - [Utils] MethodGroupsHelper.sortMethods() took 0 ms.
2024-11-21T12:29:27,627 [main] INFO  (Logger.java:112) - [Utils] MethodGroupsHelper.collectMethodsByGroup() took 4 ms.
2024-11-21T12:29:27,627 [main] INFO  (Logger.java:112) - [Utils] MethodGroupsHelper.sortMethods() took 0 ms.
2024-11-21T12:29:27,628 [main] INFO  (Logger.java:112) - [Utils] MethodGroupsHelper.collectMethodsByGroup() took 0 ms.
2024-11-21T12:29:27,628 [main] INFO  (Logger.java:112) - [Utils] MethodGroupsHelper.sortMethods() took 0 ms.
2024-11-21T12:29:27,628 [main] INFO  (Logger.java:112) - [Utils] MethodGroupsHelper.collectMethodsByGroup() took 0 ms.
2024-11-21T12:29:27,629 [main] INFO  (Logger.java:112) - [Utils] MethodGroupsHelper.sortMethods() took 0 ms.
2024-11-21T12:29:27,634 [main] INFO  (Logger.java:112) - [TestNG] Running:
  /private/var/folders/zg/4_v0khk15fd8lh1227_q8ypw0000gn/T/testng-eclipse--507853458/testng-customsuite.xml

2024-11-21T12:29:27,650 [main] INFO  (Logger.java:112) - [Utils] DynamicGraphHelper.createDynamicGraph() took 3 ms.
2024-11-21T12:38:49,023 [main] INFO  (Logger.java:112) - [Utils] MethodGroupsHelper.collectMethodsByGroup() took 0 ms.
2024-11-21T12:38:49,027 [main] INFO  (Logger.java:112) - [Utils] MethodGroupsHelper.sortMethods() took 0 ms.
2024-11-21T12:38:49,029 [main] INFO  (Logger.java:112) - [Utils] MethodGroupsHelper.collectMethodsByGroup() took 0 ms.
2024-11-21T12:38:49,029 [main] INFO  (Logger.java:112) - [Utils] MethodGroupsHelper.sortMethods() took 0 ms.
2024-11-21T12:38:49,030 [main] INFO  (Logger.java:112) - [Utils] MethodGroupsHelper.collectMethodsByGroup() took 0 ms.
2024-11-21T12:38:49,030 [main] INFO  (Logger.java:112) - [Utils] MethodGroupsHelper.sortMethods() took 0 ms.
2024-11-21T12:38:49,031 [main] INFO  (Logger.java:112) - [Utils] MethodGroupsHelper.collectMethodsByGroup() took 0 ms.
2024-11-21T12:38:49,031 [main] INFO  (Logger.java:112) - [Utils] MethodGroupsHelper.sortMethods() took 0 ms.
2024-11-21T12:38:49,032 [main] INFO  (Logger.java:112) - [Utils] MethodGroupsHelper.collectMethodsByGroup() took 0 ms.
2024-11-21T12:38:49,041 [main] INFO  (Logger.java:112) - [Utils] MethodGroupsHelper.sortMethods() took 8 ms.
2024-11-21T12:38:49,043 [main] INFO  (Logger.java:112) - [Utils] MethodGroupsHelper.collectMethodsByGroup() took 0 ms.
2024-11-21T12:38:49,043 [main] INFO  (Logger.java:112) - [Utils] MethodGroupsHelper.sortMethods() took 0 ms.
2024-11-21T12:38:49,044 [main] INFO  (Logger.java:112) - [Utils] MethodGroupsHelper.collectMethodsByGroup() took 0 ms.
2024-11-21T12:38:49,044 [main] INFO  (Logger.java:112) - [Utils] MethodGroupsHelper.sortMethods() took 0 ms.
2024-11-21T12:38:49,045 [main] INFO  (Logger.java:112) - [Utils] MethodGroupsHelper.collectMethodsByGroup() took 0 ms.
2024-11-21T12:38:49,045 [main] INFO  (Logger.java:112) - [Utils] MethodGroupsHelper.sortMethods() took 0 ms.
2024-11-21T12:38:49,047 [main] INFO  (Logger.java:112) - [Utils] MethodGroupsHelper.collectMethodsByGroup() took 0 ms.
2024-11-21T12:38:49,047 [main] INFO  (Logger.java:112) - [Utils] MethodGroupsHelper.sortMethods() took 0 ms.
2024-11-21T12:38:49,048 [main] INFO  (Logger.java:112) - [Utils] MethodGroupsHelper.collectMethodsByGroup() took 0 ms.
2024-11-21T12:38:49,048 [main] INFO  (Logger.java:112) - [Utils] MethodGroupsHelper.sortMethods() took 0 ms.
2024-11-21T12:38:49,049 [main] INFO  (Logger.java:112) - [Utils] MethodGroupsHelper.collectMethodsByGroup() took 0 ms.
2024-11-21T12:38:49,049 [main] INFO  (Logger.java:112) - [Utils] MethodGroupsHelper.sortMethods() took 0 ms.
2024-11-21T12:38:49,050 [main] INFO  (Logger.java:112) - [Utils] MethodGroupsHelper.collectMethodsByGroup() took 0 ms.
2024-11-21T12:38:49,050 [main] INFO  (Logger.java:112) - [Utils] MethodGroupsHelper.sortMethods() took 0 ms.
2024-11-21T12:38:49,056 [main] INFO  (Logger.java:112) - [Utils] MethodGroupsHelper.collectMethodsByGroup() took 5 ms.
2024-11-21T12:38:49,056 [main] INFO  (Logger.java:112) - [Utils] MethodGroupsHelper.sortMethods() took 0 ms.
2024-11-21T12:38:49,058 [main] INFO  (Logger.java:112) - [Utils] MethodGroupsHelper.collectMethodsByGroup() took 0 ms.
2024-11-21T12:38:49,058 [main] INFO  (Logger.java:112) - [Utils] MethodGroupsHelper.sortMethods() took 0 ms.
2024-11-21T12:38:49,058 [main] INFO  (Logger.java:112) - [Utils] MethodGroupsHelper.collectMethodsByGroup() took 0 ms.
2024-11-21T12:38:49,058 [main] INFO  (Logger.java:112) - [Utils] MethodGroupsHelper.sortMethods() took 0 ms.
2024-11-21T12:38:49,064 [main] INFO  (Logger.java:112) - [TestNG] Running:
  /private/var/folders/zg/4_v0khk15fd8lh1227_q8ypw0000gn/T/testng-eclipse-989499713/testng-customsuite.xml

2024-11-21T12:38:49,079 [main] INFO  (Logger.java:112) - [Utils] DynamicGraphHelper.createDynamicGraph() took 3 ms.
2024-11-21T12:38:55,439 [main] INFO  (Logger.java:112) - [TestNG] Time taken by org.testng.internal.ExitCodeListener@b1fa523: 0 ms
2024-11-21T12:38:55,454 [main] INFO  (Logger.java:112) - [TestNG] Time taken by org.testng.reporters.SuiteHTMLReporter@2a0ce342: 15 ms
2024-11-21T12:38:55,493 [main] INFO  (Logger.java:112) - [TestNG] Time taken by org.testng.reporters.jq.Main@1f013047: 38 ms
2024-11-21T12:38:55,501 [main] INFO  (Logger.java:112) - [TestNG] Time taken by org.testng.reporters.FailedReporter@6f89ad03: 8 ms
2024-11-21T12:38:55,509 [main] INFO  (Logger.java:112) - [TestNG] Time taken by org.testng.reporters.XMLReporter@1c3b221f: 6 ms
2024-11-21T12:38:55,529 [main] INFO  (Logger.java:112) - [TestNG] Time taken by org.testng.reporters.EmailableReporter2@2e1e7bc6: 20 ms
2024-11-21T12:38:55,533 [main] INFO  (Logger.java:112) - [TestNG] Time taken by org.testng.reporters.JUnitReportReporter@44a9971f: 3 ms
2024-11-21T13:02:03,437 [main] INFO  (Logger.java:112) - [Utils] MethodGroupsHelper.collectMethodsByGroup() took 0 ms.
2024-11-21T13:02:03,443 [main] INFO  (Logger.java:112) - [Utils] MethodGroupsHelper.sortMethods() took 1 ms.
2024-11-21T13:02:03,447 [main] INFO  (Logger.java:112) - [Utils] MethodGroupsHelper.collectMethodsByGroup() took 0 ms.
2024-11-21T13:02:03,448 [main] INFO  (Logger.java:112) - [Utils] MethodGroupsHelper.sortMethods() took 0 ms.
2024-11-21T13:02:03,449 [main] INFO  (Logger.java:112) - [Utils] MethodGroupsHelper.collectMethodsByGroup() took 0 ms.
2024-11-21T13:02:03,450 [main] INFO  (Logger.java:112) - [Utils] MethodGroupsHelper.sortMethods() took 0 ms.
2024-11-21T13:02:03,452 [main] INFO  (Logger.java:112) - [Utils] MethodGroupsHelper.collectMethodsByGroup() took 0 ms.
2024-11-21T13:02:03,452 [main] INFO  (Logger.java:112) - [Utils] MethodGroupsHelper.sortMethods() took 0 ms.
2024-11-21T13:02:03,455 [main] INFO  (Logger.java:112) - [Utils] MethodGroupsHelper.collectMethodsByGroup() took 0 ms.
2024-11-21T13:02:03,466 [main] INFO  (Logger.java:112) - [Utils] MethodGroupsHelper.sortMethods() took 10 ms.
2024-11-21T13:02:03,469 [main] INFO  (Logger.java:112) - [Utils] MethodGroupsHelper.collectMethodsByGroup() took 0 ms.
2024-11-21T13:02:03,470 [main] INFO  (Logger.java:112) - [Utils] MethodGroupsHelper.sortMethods() took 0 ms.
2024-11-21T13:02:03,472 [main] INFO  (Logger.java:112) - [Utils] MethodGroupsHelper.collectMethodsByGroup() took 0 ms.
2024-11-21T13:02:03,473 [main] INFO  (Logger.java:112) - [Utils] MethodGroupsHelper.sortMethods() took 0 ms.
2024-11-21T13:02:03,476 [main] INFO  (Logger.java:112) - [Utils] MethodGroupsHelper.collectMethodsByGroup() took 0 ms.
2024-11-21T13:02:03,477 [main] INFO  (Logger.java:112) - [Utils] MethodGroupsHelper.sortMethods() took 0 ms.
2024-11-21T13:02:03,479 [main] INFO  (Logger.java:112) - [Utils] MethodGroupsHelper.collectMethodsByGroup() took 0 ms.
2024-11-21T13:02:03,480 [main] INFO  (Logger.java:112) - [Utils] MethodGroupsHelper.sortMethods() took 0 ms.
2024-11-21T13:02:03,480 [main] INFO  (Logger.java:112) - [Utils] MethodGroupsHelper.collectMethodsByGroup() took 0 ms.
2024-11-21T13:02:03,481 [main] INFO  (Logger.java:112) - [Utils] MethodGroupsHelper.sortMethods() took 0 ms.
2024-11-21T13:02:03,482 [main] INFO  (Logger.java:112) - [Utils] MethodGroupsHelper.collectMethodsByGroup() took 0 ms.
2024-11-21T13:02:03,482 [main] INFO  (Logger.java:112) - [Utils] MethodGroupsHelper.sortMethods() took 0 ms.
2024-11-21T13:02:03,483 [main] INFO  (Logger.java:112) - [Utils] MethodGroupsHelper.collectMethodsByGroup() took 0 ms.
2024-11-21T13:02:03,483 [main] INFO  (Logger.java:112) - [Utils] MethodGroupsHelper.sortMethods() took 0 ms.
2024-11-21T13:02:03,489 [main] INFO  (Logger.java:112) - [Utils] MethodGroupsHelper.collectMethodsByGroup() took 5 ms.
2024-11-21T13:02:03,490 [main] INFO  (Logger.java:112) - [Utils] MethodGroupsHelper.sortMethods() took 0 ms.
2024-11-21T13:02:03,491 [main] INFO  (Logger.java:112) - [Utils] MethodGroupsHelper.collectMethodsByGroup() took 0 ms.
2024-11-21T13:02:03,491 [main] INFO  (Logger.java:112) - [Utils] MethodGroupsHelper.sortMethods() took 0 ms.
2024-11-21T13:02:03,491 [main] INFO  (Logger.java:112) - [Utils] MethodGroupsHelper.collectMethodsByGroup() took 0 ms.
2024-11-21T13:02:03,492 [main] INFO  (Logger.java:112) - [Utils] MethodGroupsHelper.sortMethods() took 0 ms.
2024-11-21T13:02:03,498 [main] INFO  (Logger.java:112) - [TestNG] Running:
  /private/var/folders/zg/4_v0khk15fd8lh1227_q8ypw0000gn/T/testng-eclipse-33018881/testng-customsuite.xml

2024-11-21T13:02:03,513 [main] INFO  (Logger.java:112) - [Utils] DynamicGraphHelper.createDynamicGraph() took 3 ms.
2024-11-21T13:02:12,924 [main] INFO  (Logger.java:112) - [TestNG] Time taken by org.testng.internal.ExitCodeListener@2a0ce342: 0 ms
2024-11-21T13:02:12,936 [main] INFO  (Logger.java:112) - [TestNG] Time taken by org.testng.reporters.SuiteHTMLReporter@53b907d9: 11 ms
2024-11-21T13:02:12,972 [main] INFO  (Logger.java:112) - [TestNG] Time taken by org.testng.reporters.jq.Main@7120daa6: 35 ms
2024-11-21T13:02:12,981 [main] INFO  (Logger.java:112) - [TestNG] Time taken by org.testng.reporters.FailedReporter@750c23a3: 8 ms
2024-11-21T13:02:12,988 [main] INFO  (Logger.java:112) - [TestNG] Time taken by org.testng.reporters.XMLReporter@13018f00: 6 ms
2024-11-21T13:02:12,993 [main] INFO  (Logger.java:112) - [TestNG] Time taken by org.testng.reporters.EmailableReporter2@78f4d15d: 5 ms
2024-11-21T13:02:12,998 [main] INFO  (Logger.java:112) - [TestNG] Time taken by org.testng.reporters.JUnitReportReporter@6fafbdac: 4 ms
2024-11-21T13:07:15,053 [main] INFO  (Logger.java:112) - [Utils] MethodGroupsHelper.collectMethodsByGroup() took 0 ms.
2024-11-21T13:07:15,058 [main] INFO  (Logger.java:112) - [Utils] MethodGroupsHelper.sortMethods() took 0 ms.
2024-11-21T13:07:15,059 [main] INFO  (Logger.java:112) - [Utils] MethodGroupsHelper.collectMethodsByGroup() took 0 ms.
2024-11-21T13:07:15,060 [main] INFO  (Logger.java:112) - [Utils] MethodGroupsHelper.sortMethods() took 0 ms.
2024-11-21T13:07:15,060 [main] INFO  (Logger.java:112) - [Utils] MethodGroupsHelper.collectMethodsByGroup() took 0 ms.
2024-11-21T13:07:15,061 [main] INFO  (Logger.java:112) - [Utils] MethodGroupsHelper.sortMethods() took 0 ms.
2024-11-21T13:07:15,062 [main] INFO  (Logger.java:112) - [Utils] MethodGroupsHelper.collectMethodsByGroup() took 0 ms.
2024-11-21T13:07:15,062 [main] INFO  (Logger.java:112) - [Utils] MethodGroupsHelper.sortMethods() took 0 ms.
2024-11-21T13:07:15,064 [main] INFO  (Logger.java:112) - [Utils] MethodGroupsHelper.collectMethodsByGroup() took 0 ms.
2024-11-21T13:07:15,072 [main] INFO  (Logger.java:112) - [Utils] MethodGroupsHelper.sortMethods() took 7 ms.
2024-11-21T13:07:15,074 [main] INFO  (Logger.java:112) - [Utils] MethodGroupsHelper.collectMethodsByGroup() took 0 ms.
2024-11-21T13:07:15,076 [main] INFO  (Logger.java:112) - [Utils] MethodGroupsHelper.sortMethods() took 1 ms.
2024-11-21T13:07:15,079 [main] INFO  (Logger.java:112) - [Utils] MethodGroupsHelper.collectMethodsByGroup() took 0 ms.
2024-11-21T13:07:15,080 [main] INFO  (Logger.java:112) - [Utils] MethodGroupsHelper.sortMethods() took 0 ms.
2024-11-21T13:07:15,081 [main] INFO  (Logger.java:112) - [Utils] MethodGroupsHelper.collectMethodsByGroup() took 0 ms.
2024-11-21T13:07:15,082 [main] INFO  (Logger.java:112) - [Utils] MethodGroupsHelper.sortMethods() took 0 ms.
2024-11-21T13:07:15,084 [main] INFO  (Logger.java:112) - [Utils] MethodGroupsHelper.collectMethodsByGroup() took 0 ms.
2024-11-21T13:07:15,084 [main] INFO  (Logger.java:112) - [Utils] MethodGroupsHelper.sortMethods() took 0 ms.
2024-11-21T13:07:15,084 [main] INFO  (Logger.java:112) - [Utils] MethodGroupsHelper.collectMethodsByGroup() took 0 ms.
2024-11-21T13:07:15,085 [main] INFO  (Logger.java:112) - [Utils] MethodGroupsHelper.sortMethods() took 0 ms.
2024-11-21T13:07:15,085 [main] INFO  (Logger.java:112) - [Utils] MethodGroupsHelper.collectMethodsByGroup() took 0 ms.
2024-11-21T13:07:15,086 [main] INFO  (Logger.java:112) - [Utils] MethodGroupsHelper.sortMethods() took 0 ms.
2024-11-21T13:07:15,086 [main] INFO  (Logger.java:112) - [Utils] MethodGroupsHelper.collectMethodsByGroup() took 0 ms.
2024-11-21T13:07:15,086 [main] INFO  (Logger.java:112) - [Utils] MethodGroupsHelper.sortMethods() took 0 ms.
2024-11-21T13:07:15,092 [main] INFO  (Logger.java:112) - [Utils] MethodGroupsHelper.collectMethodsByGroup() took 4 ms.
2024-11-21T13:07:15,092 [main] INFO  (Logger.java:112) - [Utils] MethodGroupsHelper.sortMethods() took 0 ms.
2024-11-21T13:07:15,093 [main] INFO  (Logger.java:112) - [Utils] MethodGroupsHelper.collectMethodsByGroup() took 0 ms.
2024-11-21T13:07:15,093 [main] INFO  (Logger.java:112) - [Utils] MethodGroupsHelper.sortMethods() took 0 ms.
2024-11-21T13:07:15,094 [main] INFO  (Logger.java:112) - [Utils] MethodGroupsHelper.collectMethodsByGroup() took 0 ms.
2024-11-21T13:07:15,094 [main] INFO  (Logger.java:112) - [Utils] MethodGroupsHelper.sortMethods() took 0 ms.
2024-11-21T13:07:15,100 [main] INFO  (Logger.java:112) - [TestNG] Running:
  /private/var/folders/zg/4_v0khk15fd8lh1227_q8ypw0000gn/T/testng-eclipse--808181776/testng-customsuite.xml

2024-11-21T13:07:15,115 [main] INFO  (Logger.java:112) - [Utils] DynamicGraphHelper.createDynamicGraph() took 4 ms.
2024-11-21T13:36:45,667 [main] INFO  (Logger.java:112) - [Utils] MethodGroupsHelper.collectMethodsByGroup() took 1 ms.
2024-11-21T13:36:45,680 [main] INFO  (Logger.java:112) - [Utils] MethodGroupsHelper.sortMethods() took 2 ms.
2024-11-21T13:36:45,684 [main] INFO  (Logger.java:112) - [Utils] MethodGroupsHelper.collectMethodsByGroup() took 0 ms.
2024-11-21T13:36:45,685 [main] INFO  (Logger.java:112) - [Utils] MethodGroupsHelper.sortMethods() took 0 ms.
2024-11-21T13:36:45,688 [main] INFO  (Logger.java:112) - [Utils] MethodGroupsHelper.collectMethodsByGroup() took 0 ms.
2024-11-21T13:36:45,688 [main] INFO  (Logger.java:112) - [Utils] MethodGroupsHelper.sortMethods() took 0 ms.
2024-11-21T13:36:45,689 [main] INFO  (Logger.java:112) - [Utils] MethodGroupsHelper.collectMethodsByGroup() took 0 ms.
2024-11-21T13:36:45,690 [main] INFO  (Logger.java:112) - [Utils] MethodGroupsHelper.sortMethods() took 0 ms.
2024-11-21T13:36:45,692 [main] INFO  (Logger.java:112) - [Utils] MethodGroupsHelper.collectMethodsByGroup() took 0 ms.
2024-11-21T13:36:45,703 [main] INFO  (Logger.java:112) - [Utils] MethodGroupsHelper.sortMethods() took 9 ms.
2024-11-21T13:36:45,705 [main] INFO  (Logger.java:112) - [Utils] MethodGroupsHelper.collectMethodsByGroup() took 0 ms.
2024-11-21T13:36:45,706 [main] INFO  (Logger.java:112) - [Utils] MethodGroupsHelper.sortMethods() took 0 ms.
2024-11-21T13:36:45,707 [main] INFO  (Logger.java:112) - [Utils] MethodGroupsHelper.collectMethodsByGroup() took 0 ms.
2024-11-21T13:36:45,707 [main] INFO  (Logger.java:112) - [Utils] MethodGroupsHelper.sortMethods() took 0 ms.
2024-11-21T13:36:45,709 [main] INFO  (Logger.java:112) - [Utils] MethodGroupsHelper.collectMethodsByGroup() took 0 ms.
2024-11-21T13:36:45,710 [main] INFO  (Logger.java:112) - [Utils] MethodGroupsHelper.sortMethods() took 0 ms.
2024-11-21T13:36:45,714 [main] INFO  (Logger.java:112) - [Utils] MethodGroupsHelper.collectMethodsByGroup() took 0 ms.
2024-11-21T13:36:45,716 [main] INFO  (Logger.java:112) - [Utils] MethodGroupsHelper.sortMethods() took 0 ms.
2024-11-21T13:36:45,718 [main] INFO  (Logger.java:112) - [Utils] MethodGroupsHelper.collectMethodsByGroup() took 0 ms.
2024-11-21T13:36:45,719 [main] INFO  (Logger.java:112) - [Utils] MethodGroupsHelper.sortMethods() took 0 ms.
2024-11-21T13:36:45,721 [main] INFO  (Logger.java:112) - [Utils] MethodGroupsHelper.collectMethodsByGroup() took 0 ms.
2024-11-21T13:36:45,722 [main] INFO  (Logger.java:112) - [Utils] MethodGroupsHelper.sortMethods() took 0 ms.
2024-11-21T13:36:45,723 [main] INFO  (Logger.java:112) - [Utils] MethodGroupsHelper.collectMethodsByGroup() took 0 ms.
2024-11-21T13:36:45,723 [main] INFO  (Logger.java:112) - [Utils] MethodGroupsHelper.sortMethods() took 0 ms.
2024-11-21T13:36:45,732 [main] INFO  (Logger.java:112) - [Utils] MethodGroupsHelper.collectMethodsByGroup() took 7 ms.
2024-11-21T13:36:45,732 [main] INFO  (Logger.java:112) - [Utils] MethodGroupsHelper.sortMethods() took 0 ms.
2024-11-21T13:36:45,734 [main] INFO  (Logger.java:112) - [Utils] MethodGroupsHelper.collectMethodsByGroup() took 0 ms.
2024-11-21T13:36:45,734 [main] INFO  (Logger.java:112) - [Utils] MethodGroupsHelper.sortMethods() took 0 ms.
2024-11-21T13:36:45,734 [main] INFO  (Logger.java:112) - [Utils] MethodGroupsHelper.collectMethodsByGroup() took 0 ms.
2024-11-21T13:36:45,735 [main] INFO  (Logger.java:112) - [Utils] MethodGroupsHelper.sortMethods() took 0 ms.
2024-11-21T13:36:45,744 [main] INFO  (Logger.java:112) - [TestNG] Running:
  /private/var/folders/zg/4_v0khk15fd8lh1227_q8ypw0000gn/T/testng-eclipse--736706613/testng-customsuite.xml

2024-11-21T13:36:45,762 [main] INFO  (Logger.java:112) - [Utils] DynamicGraphHelper.createDynamicGraph() took 4 ms.
2024-11-21T15:05:27,234 [main] INFO  (Logger.java:112) - [Utils] MethodGroupsHelper.collectMethodsByGroup() took 0 ms.
2024-11-21T15:05:27,240 [main] INFO  (Logger.java:112) - [Utils] MethodGroupsHelper.sortMethods() took 1 ms.
2024-11-21T15:05:27,242 [main] INFO  (Logger.java:112) - [Utils] MethodGroupsHelper.collectMethodsByGroup() took 0 ms.
2024-11-21T15:05:27,243 [main] INFO  (Logger.java:112) - [Utils] MethodGroupsHelper.sortMethods() took 0 ms.
2024-11-21T15:05:27,244 [main] INFO  (Logger.java:112) - [Utils] MethodGroupsHelper.collectMethodsByGroup() took 0 ms.
2024-11-21T15:05:27,244 [main] INFO  (Logger.java:112) - [Utils] MethodGroupsHelper.sortMethods() took 0 ms.
2024-11-21T15:05:27,246 [main] INFO  (Logger.java:112) - [Utils] MethodGroupsHelper.collectMethodsByGroup() took 0 ms.
2024-11-21T15:05:27,246 [main] INFO  (Logger.java:112) - [Utils] MethodGroupsHelper.sortMethods() took 0 ms.
2024-11-21T15:05:27,248 [main] INFO  (Logger.java:112) - [Utils] MethodGroupsHelper.collectMethodsByGroup() took 0 ms.
2024-11-21T15:05:27,262 [main] INFO  (Logger.java:112) - [Utils] MethodGroupsHelper.sortMethods() took 13 ms.
2024-11-21T15:05:27,264 [main] INFO  (Logger.java:112) - [Utils] MethodGroupsHelper.collectMethodsByGroup() took 0 ms.
2024-11-21T15:05:27,265 [main] INFO  (Logger.java:112) - [Utils] MethodGroupsHelper.sortMethods() took 0 ms.
2024-11-21T15:05:27,265 [main] INFO  (Logger.java:112) - [Utils] MethodGroupsHelper.collectMethodsByGroup() took 0 ms.
2024-11-21T15:05:27,266 [main] INFO  (Logger.java:112) - [Utils] MethodGroupsHelper.sortMethods() took 0 ms.
2024-11-21T15:05:27,266 [main] INFO  (Logger.java:112) - [Utils] MethodGroupsHelper.collectMethodsByGroup() took 0 ms.
2024-11-21T15:05:27,266 [main] INFO  (Logger.java:112) - [Utils] MethodGroupsHelper.sortMethods() took 0 ms.
2024-11-21T15:05:27,268 [main] INFO  (Logger.java:112) - [Utils] MethodGroupsHelper.collectMethodsByGroup() took 0 ms.
2024-11-21T15:05:27,269 [main] INFO  (Logger.java:112) - [Utils] MethodGroupsHelper.sortMethods() took 0 ms.
2024-11-21T15:05:27,269 [main] INFO  (Logger.java:112) - [Utils] MethodGroupsHelper.collectMethodsByGroup() took 0 ms.
2024-11-21T15:05:27,270 [main] INFO  (Logger.java:112) - [Utils] MethodGroupsHelper.sortMethods() took 0 ms.
2024-11-21T15:05:27,270 [main] INFO  (Logger.java:112) - [Utils] MethodGroupsHelper.collectMethodsByGroup() took 0 ms.
2024-11-21T15:05:27,271 [main] INFO  (Logger.java:112) - [Utils] MethodGroupsHelper.sortMethods() took 0 ms.
2024-11-21T15:05:27,271 [main] INFO  (Logger.java:112) - [Utils] MethodGroupsHelper.collectMethodsByGroup() took 0 ms.
2024-11-21T15:05:27,271 [main] INFO  (Logger.java:112) - [Utils] MethodGroupsHelper.sortMethods() took 0 ms.
2024-11-21T15:05:27,277 [main] INFO  (Logger.java:112) - [Utils] MethodGroupsHelper.collectMethodsByGroup() took 4 ms.
2024-11-21T15:05:27,277 [main] INFO  (Logger.java:112) - [Utils] MethodGroupsHelper.sortMethods() took 0 ms.
2024-11-21T15:05:27,278 [main] INFO  (Logger.java:112) - [Utils] MethodGroupsHelper.collectMethodsByGroup() took 0 ms.
2024-11-21T15:05:27,279 [main] INFO  (Logger.java:112) - [Utils] MethodGroupsHelper.sortMethods() took 0 ms.
2024-11-21T15:05:27,279 [main] INFO  (Logger.java:112) - [Utils] MethodGroupsHelper.collectMethodsByGroup() took 0 ms.
2024-11-21T15:05:27,279 [main] INFO  (Logger.java:112) - [Utils] MethodGroupsHelper.sortMethods() took 0 ms.
2024-11-21T15:05:27,286 [main] INFO  (Logger.java:112) - [TestNG] Running:
  /private/var/folders/zg/4_v0khk15fd8lh1227_q8ypw0000gn/T/testng-eclipse-935430646/testng-customsuite.xml

2024-11-21T15:05:27,300 [main] INFO  (Logger.java:112) - [Utils] DynamicGraphHelper.createDynamicGraph() took 3 ms.
2024-11-21T15:09:28,913 [main] INFO  (Logger.java:112) - [Utils] MethodGroupsHelper.collectMethodsByGroup() took 0 ms.
2024-11-21T15:09:28,924 [main] INFO  (Logger.java:112) - [Utils] MethodGroupsHelper.sortMethods() took 2 ms.
2024-11-21T15:09:28,929 [main] INFO  (Logger.java:112) - [Utils] MethodGroupsHelper.collectMethodsByGroup() took 0 ms.
2024-11-21T15:09:28,931 [main] INFO  (Logger.java:112) - [Utils] MethodGroupsHelper.sortMethods() took 0 ms.
2024-11-21T15:09:28,933 [main] INFO  (Logger.java:112) - [Utils] MethodGroupsHelper.collectMethodsByGroup() took 0 ms.
2024-11-21T15:09:28,934 [main] INFO  (Logger.java:112) - [Utils] MethodGroupsHelper.sortMethods() took 0 ms.
2024-11-21T15:09:28,936 [main] INFO  (Logger.java:112) - [Utils] MethodGroupsHelper.collectMethodsByGroup() took 0 ms.
2024-11-21T15:09:28,936 [main] INFO  (Logger.java:112) - [Utils] MethodGroupsHelper.sortMethods() took 0 ms.
2024-11-21T15:09:28,940 [main] INFO  (Logger.java:112) - [Utils] MethodGroupsHelper.collectMethodsByGroup() took 0 ms.
2024-11-21T15:09:28,955 [main] INFO  (Logger.java:112) - [Utils] MethodGroupsHelper.sortMethods() took 14 ms.
2024-11-21T15:09:28,958 [main] INFO  (Logger.java:112) - [Utils] MethodGroupsHelper.collectMethodsByGroup() took 0 ms.
2024-11-21T15:09:28,959 [main] INFO  (Logger.java:112) - [Utils] MethodGroupsHelper.sortMethods() took 0 ms.
2024-11-21T15:09:28,961 [main] INFO  (Logger.java:112) - [Utils] MethodGroupsHelper.collectMethodsByGroup() took 0 ms.
2024-11-21T15:09:28,961 [main] INFO  (Logger.java:112) - [Utils] MethodGroupsHelper.sortMethods() took 0 ms.
2024-11-21T15:09:28,962 [main] INFO  (Logger.java:112) - [Utils] MethodGroupsHelper.collectMethodsByGroup() took 0 ms.
2024-11-21T15:09:28,962 [main] INFO  (Logger.java:112) - [Utils] MethodGroupsHelper.sortMethods() took 0 ms.
2024-11-21T15:09:28,965 [main] INFO  (Logger.java:112) - [Utils] MethodGroupsHelper.collectMethodsByGroup() took 0 ms.
2024-11-21T15:09:28,966 [main] INFO  (Logger.java:112) - [Utils] MethodGroupsHelper.sortMethods() took 0 ms.
2024-11-21T15:09:28,968 [main] INFO  (Logger.java:112) - [Utils] MethodGroupsHelper.collectMethodsByGroup() took 0 ms.
2024-11-21T15:09:28,969 [main] INFO  (Logger.java:112) - [Utils] MethodGroupsHelper.sortMethods() took 0 ms.
2024-11-21T15:09:28,971 [main] INFO  (Logger.java:112) - [Utils] MethodGroupsHelper.collectMethodsByGroup() took 0 ms.
2024-11-21T15:09:28,972 [main] INFO  (Logger.java:112) - [Utils] MethodGroupsHelper.sortMethods() took 0 ms.
2024-11-21T15:09:28,973 [main] INFO  (Logger.java:112) - [Utils] MethodGroupsHelper.collectMethodsByGroup() took 0 ms.
2024-11-21T15:09:28,973 [main] INFO  (Logger.java:112) - [Utils] MethodGroupsHelper.sortMethods() took 0 ms.
2024-11-21T15:09:28,983 [main] INFO  (Logger.java:112) - [Utils] MethodGroupsHelper.collectMethodsByGroup() took 8 ms.
2024-11-21T15:09:28,984 [main] INFO  (Logger.java:112) - [Utils] MethodGroupsHelper.sortMethods() took 0 ms.
2024-11-21T15:09:28,986 [main] INFO  (Logger.java:112) - [Utils] MethodGroupsHelper.collectMethodsByGroup() took 0 ms.
2024-11-21T15:09:28,987 [main] INFO  (Logger.java:112) - [Utils] MethodGroupsHelper.sortMethods() took 0 ms.
2024-11-21T15:09:28,987 [main] INFO  (Logger.java:112) - [Utils] MethodGroupsHelper.collectMethodsByGroup() took 0 ms.
2024-11-21T15:09:28,987 [main] INFO  (Logger.java:112) - [Utils] MethodGroupsHelper.sortMethods() took 0 ms.
2024-11-21T15:09:28,995 [main] INFO  (Logger.java:112) - [TestNG] Running:
  /private/var/folders/zg/4_v0khk15fd8lh1227_q8ypw0000gn/T/testng-eclipse--429552827/testng-customsuite.xml

2024-11-21T15:09:29,010 [main] INFO  (Logger.java:112) - [Utils] DynamicGraphHelper.createDynamicGraph() took 3 ms.
2024-11-21T16:21:52,769 [main] INFO  (Logger.java:112) - [Utils] MethodGroupsHelper.collectMethodsByGroup() took 0 ms.
2024-11-21T16:21:52,774 [main] INFO  (Logger.java:112) - [Utils] MethodGroupsHelper.sortMethods() took 1 ms.
2024-11-21T16:21:52,775 [main] INFO  (Logger.java:112) - [Utils] MethodGroupsHelper.collectMethodsByGroup() took 0 ms.
2024-11-21T16:21:52,776 [main] INFO  (Logger.java:112) - [Utils] MethodGroupsHelper.sortMethods() took 0 ms.
2024-11-21T16:21:52,776 [main] INFO  (Logger.java:112) - [Utils] MethodGroupsHelper.collectMethodsByGroup() took 0 ms.
2024-11-21T16:21:52,777 [main] INFO  (Logger.java:112) - [Utils] MethodGroupsHelper.sortMethods() took 0 ms.
2024-11-21T16:21:52,777 [main] INFO  (Logger.java:112) - [Utils] MethodGroupsHelper.collectMethodsByGroup() took 0 ms.
2024-11-21T16:21:52,778 [main] INFO  (Logger.java:112) - [Utils] MethodGroupsHelper.sortMethods() took 0 ms.
2024-11-21T16:21:52,779 [main] INFO  (Logger.java:112) - [Utils] MethodGroupsHelper.collectMethodsByGroup() took 0 ms.
2024-11-21T16:21:52,786 [main] INFO  (Logger.java:112) - [Utils] MethodGroupsHelper.sortMethods() took 6 ms.
2024-11-21T16:21:52,787 [main] INFO  (Logger.java:112) - [Utils] MethodGroupsHelper.collectMethodsByGroup() took 0 ms.
2024-11-21T16:21:52,788 [main] INFO  (Logger.java:112) - [Utils] MethodGroupsHelper.sortMethods() took 0 ms.
2024-11-21T16:21:52,789 [main] INFO  (Logger.java:112) - [Utils] MethodGroupsHelper.collectMethodsByGroup() took 0 ms.
2024-11-21T16:21:52,789 [main] INFO  (Logger.java:112) - [Utils] MethodGroupsHelper.sortMethods() took 0 ms.
2024-11-21T16:21:52,789 [main] INFO  (Logger.java:112) - [Utils] MethodGroupsHelper.collectMethodsByGroup() took 0 ms.
2024-11-21T16:21:52,790 [main] INFO  (Logger.java:112) - [Utils] MethodGroupsHelper.sortMethods() took 0 ms.
2024-11-21T16:21:52,791 [main] INFO  (Logger.java:112) - [Utils] MethodGroupsHelper.collectMethodsByGroup() took 0 ms.
2024-11-21T16:21:52,791 [main] INFO  (Logger.java:112) - [Utils] MethodGroupsHelper.sortMethods() took 0 ms.
2024-11-21T16:21:52,791 [main] INFO  (Logger.java:112) - [Utils] MethodGroupsHelper.collectMethodsByGroup() took 0 ms.
2024-11-21T16:21:52,792 [main] INFO  (Logger.java:112) - [Utils] MethodGroupsHelper.sortMethods() took 0 ms.
2024-11-21T16:21:52,792 [main] INFO  (Logger.java:112) - [Utils] MethodGroupsHelper.collectMethodsByGroup() took 0 ms.
2024-11-21T16:21:52,793 [main] INFO  (Logger.java:112) - [Utils] MethodGroupsHelper.sortMethods() took 0 ms.
2024-11-21T16:21:52,793 [main] INFO  (Logger.java:112) - [Utils] MethodGroupsHelper.collectMethodsByGroup() took 0 ms.
2024-11-21T16:21:52,793 [main] INFO  (Logger.java:112) - [Utils] MethodGroupsHelper.sortMethods() took 0 ms.
2024-11-21T16:21:52,797 [main] INFO  (Logger.java:112) - [Utils] MethodGroupsHelper.collectMethodsByGroup() took 3 ms.
2024-11-21T16:21:52,798 [main] INFO  (Logger.java:112) - [Utils] MethodGroupsHelper.sortMethods() took 0 ms.
2024-11-21T16:21:52,799 [main] INFO  (Logger.java:112) - [Utils] MethodGroupsHelper.collectMethodsByGroup() took 0 ms.
2024-11-21T16:21:52,799 [main] INFO  (Logger.java:112) - [Utils] MethodGroupsHelper.sortMethods() took 0 ms.
2024-11-21T16:21:52,799 [main] INFO  (Logger.java:112) - [Utils] MethodGroupsHelper.collectMethodsByGroup() took 0 ms.
2024-11-21T16:21:52,800 [main] INFO  (Logger.java:112) - [Utils] MethodGroupsHelper.sortMethods() took 0 ms.
2024-11-21T16:21:52,805 [main] INFO  (Logger.java:112) - [TestNG] Running:
  /private/var/folders/zg/4_v0khk15fd8lh1227_q8ypw0000gn/T/testng-eclipse--197363182/testng-customsuite.xml

2024-11-21T16:21:52,821 [main] INFO  (Logger.java:112) - [Utils] DynamicGraphHelper.createDynamicGraph() took 3 ms.
2024-11-21T16:22:00,213 [main] INFO  (Logger.java:112) - [TestNG] Time taken by org.testng.internal.ExitCodeListener@8b1170f: 0 ms
2024-11-21T16:22:00,227 [main] INFO  (Logger.java:112) - [TestNG] Time taken by org.testng.reporters.SuiteHTMLReporter@59ec5a0b: 13 ms
2024-11-21T16:22:00,264 [main] INFO  (Logger.java:112) - [TestNG] Time taken by org.testng.reporters.jq.Main@750c23a3: 37 ms
2024-11-21T16:22:00,274 [main] INFO  (Logger.java:112) - [TestNG] Time taken by org.testng.reporters.FailedReporter@78f4d15d: 10 ms
2024-11-21T16:22:00,281 [main] INFO  (Logger.java:112) - [TestNG] Time taken by org.testng.reporters.XMLReporter@4af44f2a: 7 ms
2024-11-21T16:22:00,289 [main] INFO  (Logger.java:112) - [TestNG] Time taken by org.testng.reporters.EmailableReporter2@2c1a95a2: 8 ms
2024-11-21T16:22:00,293 [main] INFO  (Logger.java:112) - [TestNG] Time taken by org.testng.reporters.JUnitReportReporter@65a66a75: 4 ms
2024-11-21T16:26:04,597 [main] INFO  (Logger.java:112) - [Utils] MethodGroupsHelper.collectMethodsByGroup() took 0 ms.
2024-11-21T16:26:04,602 [main] INFO  (Logger.java:112) - [Utils] MethodGroupsHelper.sortMethods() took 1 ms.
2024-11-21T16:26:04,603 [main] INFO  (Logger.java:112) - [Utils] MethodGroupsHelper.collectMethodsByGroup() took 0 ms.
2024-11-21T16:26:04,604 [main] INFO  (Logger.java:112) - [Utils] MethodGroupsHelper.sortMethods() took 0 ms.
2024-11-21T16:26:04,605 [main] INFO  (Logger.java:112) - [Utils] MethodGroupsHelper.collectMethodsByGroup() took 0 ms.
2024-11-21T16:26:04,605 [main] INFO  (Logger.java:112) - [Utils] MethodGroupsHelper.sortMethods() took 0 ms.
2024-11-21T16:26:04,606 [main] INFO  (Logger.java:112) - [Utils] MethodGroupsHelper.collectMethodsByGroup() took 0 ms.
2024-11-21T16:26:04,606 [main] INFO  (Logger.java:112) - [Utils] MethodGroupsHelper.sortMethods() took 0 ms.
2024-11-21T16:26:04,608 [main] INFO  (Logger.java:112) - [Utils] MethodGroupsHelper.collectMethodsByGroup() took 0 ms.
2024-11-21T16:26:04,616 [main] INFO  (Logger.java:112) - [Utils] MethodGroupsHelper.sortMethods() took 7 ms.
2024-11-21T16:26:04,618 [main] INFO  (Logger.java:112) - [Utils] MethodGroupsHelper.collectMethodsByGroup() took 0 ms.
2024-11-21T16:26:04,619 [main] INFO  (Logger.java:112) - [Utils] MethodGroupsHelper.sortMethods() took 0 ms.
2024-11-21T16:26:04,619 [main] INFO  (Logger.java:112) - [Utils] MethodGroupsHelper.collectMethodsByGroup() took 0 ms.
2024-11-21T16:26:04,620 [main] INFO  (Logger.java:112) - [Utils] MethodGroupsHelper.sortMethods() took 0 ms.
2024-11-21T16:26:04,620 [main] INFO  (Logger.java:112) - [Utils] MethodGroupsHelper.collectMethodsByGroup() took 0 ms.
2024-11-21T16:26:04,620 [main] INFO  (Logger.java:112) - [Utils] MethodGroupsHelper.sortMethods() took 0 ms.
2024-11-21T16:26:04,622 [main] INFO  (Logger.java:112) - [Utils] MethodGroupsHelper.collectMethodsByGroup() took 0 ms.
2024-11-21T16:26:04,622 [main] INFO  (Logger.java:112) - [Utils] MethodGroupsHelper.sortMethods() took 0 ms.
2024-11-21T16:26:04,622 [main] INFO  (Logger.java:112) - [Utils] MethodGroupsHelper.collectMethodsByGroup() took 0 ms.
2024-11-21T16:26:04,623 [main] INFO  (Logger.java:112) - [Utils] MethodGroupsHelper.sortMethods() took 0 ms.
2024-11-21T16:26:04,623 [main] INFO  (Logger.java:112) - [Utils] MethodGroupsHelper.collectMethodsByGroup() took 0 ms.
2024-11-21T16:26:04,624 [main] INFO  (Logger.java:112) - [Utils] MethodGroupsHelper.sortMethods() took 0 ms.
2024-11-21T16:26:04,624 [main] INFO  (Logger.java:112) - [Utils] MethodGroupsHelper.collectMethodsByGroup() took 0 ms.
2024-11-21T16:26:04,624 [main] INFO  (Logger.java:112) - [Utils] MethodGroupsHelper.sortMethods() took 0 ms.
2024-11-21T16:26:04,630 [main] INFO  (Logger.java:112) - [Utils] MethodGroupsHelper.collectMethodsByGroup() took 4 ms.
2024-11-21T16:26:04,631 [main] INFO  (Logger.java:112) - [Utils] MethodGroupsHelper.sortMethods() took 0 ms.
2024-11-21T16:26:04,632 [main] INFO  (Logger.java:112) - [Utils] MethodGroupsHelper.collectMethodsByGroup() took 0 ms.
2024-11-21T16:26:04,633 [main] INFO  (Logger.java:112) - [Utils] MethodGroupsHelper.sortMethods() took 0 ms.
2024-11-21T16:26:04,633 [main] INFO  (Logger.java:112) - [Utils] MethodGroupsHelper.collectMethodsByGroup() took 0 ms.
2024-11-21T16:26:04,634 [main] INFO  (Logger.java:112) - [Utils] MethodGroupsHelper.sortMethods() took 0 ms.
2024-11-21T16:26:04,643 [main] INFO  (Logger.java:112) - [TestNG] Running:
  /private/var/folders/zg/4_v0khk15fd8lh1227_q8ypw0000gn/T/testng-eclipse-1448945069/testng-customsuite.xml

2024-11-21T16:26:04,659 [main] INFO  (Logger.java:112) - [Utils] DynamicGraphHelper.createDynamicGraph() took 3 ms.
2024-11-21T16:26:12,369 [main] INFO  (Logger.java:112) - [TestNG] Time taken by org.testng.internal.ExitCodeListener@1999e1f5: 0 ms
2024-11-21T16:26:12,381 [main] INFO  (Logger.java:112) - [TestNG] Time taken by org.testng.reporters.SuiteHTMLReporter@447543ee: 12 ms
2024-11-21T16:26:12,414 [main] INFO  (Logger.java:112) - [TestNG] Time taken by org.testng.reporters.jq.Main@7c359808: 33 ms
2024-11-21T16:26:12,415 [main] INFO  (Logger.java:112) - [TestNG] Time taken by org.testng.reporters.FailedReporter@1f013047: 1 ms
2024-11-21T16:26:12,423 [main] INFO  (Logger.java:112) - [TestNG] Time taken by org.testng.reporters.XMLReporter@6b6c0b7c: 8 ms
2024-11-21T16:26:12,427 [main] INFO  (Logger.java:112) - [TestNG] Time taken by org.testng.reporters.EmailableReporter2@280c3dc0: 4 ms
2024-11-21T16:26:12,431 [main] INFO  (Logger.java:112) - [TestNG] Time taken by org.testng.reporters.JUnitReportReporter@68de8522: 4 ms
2024-11-21T21:08:39,217 [main] INFO  (Logger.java:112) - [Utils] MethodGroupsHelper.collectMethodsByGroup() took 1 ms.
2024-11-21T21:08:39,223 [main] INFO  (Logger.java:112) - [Utils] MethodGroupsHelper.sortMethods() took 1 ms.
2024-11-21T21:08:39,224 [main] INFO  (Logger.java:112) - [Utils] MethodGroupsHelper.collectMethodsByGroup() took 0 ms.
2024-11-21T21:08:39,225 [main] INFO  (Logger.java:112) - [Utils] MethodGroupsHelper.sortMethods() took 0 ms.
2024-11-21T21:08:39,226 [main] INFO  (Logger.java:112) - [Utils] MethodGroupsHelper.collectMethodsByGroup() took 0 ms.
2024-11-21T21:08:39,226 [main] INFO  (Logger.java:112) - [Utils] MethodGroupsHelper.sortMethods() took 0 ms.
2024-11-21T21:08:39,227 [main] INFO  (Logger.java:112) - [Utils] MethodGroupsHelper.collectMethodsByGroup() took 0 ms.
2024-11-21T21:08:39,227 [main] INFO  (Logger.java:112) - [Utils] MethodGroupsHelper.sortMethods() took 0 ms.
2024-11-21T21:08:39,228 [main] INFO  (Logger.java:112) - [Utils] MethodGroupsHelper.collectMethodsByGroup() took 0 ms.
2024-11-21T21:08:39,234 [main] INFO  (Logger.java:112) - [Utils] MethodGroupsHelper.sortMethods() took 6 ms.
2024-11-21T21:08:39,236 [main] INFO  (Logger.java:112) - [Utils] MethodGroupsHelper.collectMethodsByGroup() took 0 ms.
2024-11-21T21:08:39,236 [main] INFO  (Logger.java:112) - [Utils] MethodGroupsHelper.sortMethods() took 0 ms.
2024-11-21T21:08:39,237 [main] INFO  (Logger.java:112) - [Utils] MethodGroupsHelper.collectMethodsByGroup() took 0 ms.
2024-11-21T21:08:39,237 [main] INFO  (Logger.java:112) - [Utils] MethodGroupsHelper.sortMethods() took 0 ms.
2024-11-21T21:08:39,238 [main] INFO  (Logger.java:112) - [Utils] MethodGroupsHelper.collectMethodsByGroup() took 0 ms.
2024-11-21T21:08:39,238 [main] INFO  (Logger.java:112) - [Utils] MethodGroupsHelper.sortMethods() took 0 ms.
2024-11-21T21:08:39,240 [main] INFO  (Logger.java:112) - [Utils] MethodGroupsHelper.collectMethodsByGroup() took 0 ms.
2024-11-21T21:08:39,240 [main] INFO  (Logger.java:112) - [Utils] MethodGroupsHelper.sortMethods() took 0 ms.
2024-11-21T21:08:39,240 [main] INFO  (Logger.java:112) - [Utils] MethodGroupsHelper.collectMethodsByGroup() took 0 ms.
2024-11-21T21:08:39,241 [main] INFO  (Logger.java:112) - [Utils] MethodGroupsHelper.sortMethods() took 0 ms.
2024-11-21T21:08:39,241 [main] INFO  (Logger.java:112) - [Utils] MethodGroupsHelper.collectMethodsByGroup() took 0 ms.
2024-11-21T21:08:39,241 [main] INFO  (Logger.java:112) - [Utils] MethodGroupsHelper.sortMethods() took 0 ms.
2024-11-21T21:08:39,242 [main] INFO  (Logger.java:112) - [Utils] MethodGroupsHelper.collectMethodsByGroup() took 0 ms.
2024-11-21T21:08:39,242 [main] INFO  (Logger.java:112) - [Utils] MethodGroupsHelper.sortMethods() took 0 ms.
2024-11-21T21:08:39,246 [main] INFO  (Logger.java:112) - [Utils] MethodGroupsHelper.collectMethodsByGroup() took 3 ms.
2024-11-21T21:08:39,247 [main] INFO  (Logger.java:112) - [Utils] MethodGroupsHelper.sortMethods() took 0 ms.
2024-11-21T21:08:39,248 [main] INFO  (Logger.java:112) - [Utils] MethodGroupsHelper.collectMethodsByGroup() took 0 ms.
2024-11-21T21:08:39,248 [main] INFO  (Logger.java:112) - [Utils] MethodGroupsHelper.sortMethods() took 0 ms.
2024-11-21T21:08:39,249 [main] INFO  (Logger.java:112) - [Utils] MethodGroupsHelper.collectMethodsByGroup() took 0 ms.
2024-11-21T21:08:39,249 [main] INFO  (Logger.java:112) - [Utils] MethodGroupsHelper.sortMethods() took 0 ms.
2024-11-21T21:08:39,257 [main] INFO  (Logger.java:112) - [TestNG] Running:
  /private/var/folders/zg/4_v0khk15fd8lh1227_q8ypw0000gn/T/testng-eclipse-553964556/testng-customsuite.xml

2024-11-21T21:08:39,269 [main] INFO  (Logger.java:112) - [Utils] DynamicGraphHelper.createDynamicGraph() took 2 ms.
2024-11-21T21:08:48,308 [main] INFO  (Logger.java:112) - [TestNG] Time taken by org.testng.internal.ExitCodeListener@478c84aa: 0 ms
2024-11-21T21:08:48,323 [main] INFO  (Logger.java:112) - [TestNG] Time taken by org.testng.reporters.SuiteHTMLReporter@4c0bfe9e: 14 ms
2024-11-21T21:08:48,367 [main] INFO  (Logger.java:112) - [TestNG] Time taken by org.testng.reporters.jq.Main@4b360a82: 43 ms
2024-11-21T21:08:48,377 [main] INFO  (Logger.java:112) - [TestNG] Time taken by org.testng.reporters.FailedReporter@57ab4b33: 10 ms
2024-11-21T21:08:48,388 [main] INFO  (Logger.java:112) - [TestNG] Time taken by org.testng.reporters.XMLReporter@3794b7b1: 11 ms
2024-11-21T21:08:48,396 [main] INFO  (Logger.java:112) - [TestNG] Time taken by org.testng.reporters.EmailableReporter2@3fb1948c: 7 ms
2024-11-21T21:08:48,402 [main] INFO  (Logger.java:112) - [TestNG] Time taken by org.testng.reporters.JUnitReportReporter@5eb041b5: 5 ms
2024-11-21T21:12:05,158 [main] INFO  (Logger.java:112) - [Utils] MethodGroupsHelper.collectMethodsByGroup() took 0 ms.
2024-11-21T21:12:05,164 [main] INFO  (Logger.java:112) - [Utils] MethodGroupsHelper.sortMethods() took 1 ms.
2024-11-21T21:12:05,166 [main] INFO  (Logger.java:112) - [Utils] MethodGroupsHelper.collectMethodsByGroup() took 0 ms.
2024-11-21T21:12:05,166 [main] INFO  (Logger.java:112) - [Utils] MethodGroupsHelper.sortMethods() took 0 ms.
2024-11-21T21:12:05,167 [main] INFO  (Logger.java:112) - [Utils] MethodGroupsHelper.collectMethodsByGroup() took 0 ms.
2024-11-21T21:12:05,167 [main] INFO  (Logger.java:112) - [Utils] MethodGroupsHelper.sortMethods() took 0 ms.
2024-11-21T21:12:05,168 [main] INFO  (Logger.java:112) - [Utils] MethodGroupsHelper.collectMethodsByGroup() took 0 ms.
2024-11-21T21:12:05,168 [main] INFO  (Logger.java:112) - [Utils] MethodGroupsHelper.sortMethods() took 0 ms.
2024-11-21T21:12:05,170 [main] INFO  (Logger.java:112) - [Utils] MethodGroupsHelper.collectMethodsByGroup() took 0 ms.
2024-11-21T21:12:05,177 [main] INFO  (Logger.java:112) - [Utils] MethodGroupsHelper.sortMethods() took 6 ms.
2024-11-21T21:12:05,178 [main] INFO  (Logger.java:112) - [Utils] MethodGroupsHelper.collectMethodsByGroup() took 0 ms.
2024-11-21T21:12:05,179 [main] INFO  (Logger.java:112) - [Utils] MethodGroupsHelper.sortMethods() took 0 ms.
2024-11-21T21:12:05,179 [main] INFO  (Logger.java:112) - [Utils] MethodGroupsHelper.collectMethodsByGroup() took 0 ms.
2024-11-21T21:12:05,179 [main] INFO  (Logger.java:112) - [Utils] MethodGroupsHelper.sortMethods() took 0 ms.
2024-11-21T21:12:05,180 [main] INFO  (Logger.java:112) - [Utils] MethodGroupsHelper.collectMethodsByGroup() took 0 ms.
2024-11-21T21:12:05,180 [main] INFO  (Logger.java:112) - [Utils] MethodGroupsHelper.sortMethods() took 0 ms.
2024-11-21T21:12:05,182 [main] INFO  (Logger.java:112) - [Utils] MethodGroupsHelper.collectMethodsByGroup() took 0 ms.
2024-11-21T21:12:05,182 [main] INFO  (Logger.java:112) - [Utils] MethodGroupsHelper.sortMethods() took 0 ms.
2024-11-21T21:12:05,183 [main] INFO  (Logger.java:112) - [Utils] MethodGroupsHelper.collectMethodsByGroup() took 0 ms.
2024-11-21T21:12:05,183 [main] INFO  (Logger.java:112) - [Utils] MethodGroupsHelper.sortMethods() took 0 ms.
2024-11-21T21:12:05,184 [main] INFO  (Logger.java:112) - [Utils] MethodGroupsHelper.collectMethodsByGroup() took 0 ms.
2024-11-21T21:12:05,184 [main] INFO  (Logger.java:112) - [Utils] MethodGroupsHelper.sortMethods() took 0 ms.
2024-11-21T21:12:05,184 [main] INFO  (Logger.java:112) - [Utils] MethodGroupsHelper.collectMethodsByGroup() took 0 ms.
2024-11-21T21:12:05,184 [main] INFO  (Logger.java:112) - [Utils] MethodGroupsHelper.sortMethods() took 0 ms.
2024-11-21T21:12:05,189 [main] INFO  (Logger.java:112) - [Utils] MethodGroupsHelper.collectMethodsByGroup() took 4 ms.
2024-11-21T21:12:05,190 [main] INFO  (Logger.java:112) - [Utils] MethodGroupsHelper.sortMethods() took 0 ms.
2024-11-21T21:12:05,191 [main] INFO  (Logger.java:112) - [Utils] MethodGroupsHelper.collectMethodsByGroup() took 0 ms.
2024-11-21T21:12:05,191 [main] INFO  (Logger.java:112) - [Utils] MethodGroupsHelper.sortMethods() took 0 ms.
2024-11-21T21:12:05,191 [main] INFO  (Logger.java:112) - [Utils] MethodGroupsHelper.collectMethodsByGroup() took 0 ms.
2024-11-21T21:12:05,191 [main] INFO  (Logger.java:112) - [Utils] MethodGroupsHelper.sortMethods() took 0 ms.
2024-11-21T21:12:05,197 [main] INFO  (Logger.java:112) - [TestNG] Running:
  /private/var/folders/zg/4_v0khk15fd8lh1227_q8ypw0000gn/T/testng-eclipse-1128469640/testng-customsuite.xml

2024-11-21T21:12:05,211 [main] INFO  (Logger.java:112) - [Utils] DynamicGraphHelper.createDynamicGraph() took 2 ms.
2024-11-21T21:12:13,382 [main] INFO  (Logger.java:112) - [TestNG] Time taken by org.testng.internal.ExitCodeListener@3cab07dd: 0 ms
2024-11-21T21:12:13,394 [main] INFO  (Logger.java:112) - [TestNG] Time taken by org.testng.reporters.SuiteHTMLReporter@23e0c200: 12 ms
2024-11-21T21:12:13,428 [main] INFO  (Logger.java:112) - [TestNG] Time taken by org.testng.reporters.jq.Main@556a6320: 34 ms
2024-11-21T21:12:13,436 [main] INFO  (Logger.java:112) - [TestNG] Time taken by org.testng.reporters.FailedReporter@58d79479: 8 ms
2024-11-21T21:12:13,447 [main] INFO  (Logger.java:112) - [TestNG] Time taken by org.testng.reporters.XMLReporter@669daa93: 10 ms
2024-11-21T21:12:13,453 [main] INFO  (Logger.java:112) - [TestNG] Time taken by org.testng.reporters.EmailableReporter2@5eb041b5: 6 ms
2024-11-21T21:12:13,459 [main] INFO  (Logger.java:112) - [TestNG] Time taken by org.testng.reporters.JUnitReportReporter@4ba1f425: 5 ms
2024-11-21T21:17:14,565 [main] INFO  (Logger.java:112) - [Utils] MethodGroupsHelper.collectMethodsByGroup() took 1 ms.
2024-11-21T21:17:14,570 [main] INFO  (Logger.java:112) - [Utils] MethodGroupsHelper.sortMethods() took 1 ms.
2024-11-21T21:17:14,572 [main] INFO  (Logger.java:112) - [Utils] MethodGroupsHelper.collectMethodsByGroup() took 0 ms.
2024-11-21T21:17:14,573 [main] INFO  (Logger.java:112) - [Utils] MethodGroupsHelper.sortMethods() took 0 ms.
2024-11-21T21:17:14,575 [main] INFO  (Logger.java:112) - [Utils] MethodGroupsHelper.collectMethodsByGroup() took 0 ms.
2024-11-21T21:17:14,575 [main] INFO  (Logger.java:112) - [Utils] MethodGroupsHelper.sortMethods() took 0 ms.
2024-11-21T21:17:14,576 [main] INFO  (Logger.java:112) - [Utils] MethodGroupsHelper.collectMethodsByGroup() took 0 ms.
2024-11-21T21:17:14,576 [main] INFO  (Logger.java:112) - [Utils] MethodGroupsHelper.sortMethods() took 0 ms.
2024-11-21T21:17:14,578 [main] INFO  (Logger.java:112) - [Utils] MethodGroupsHelper.collectMethodsByGroup() took 0 ms.
2024-11-21T21:17:14,585 [main] INFO  (Logger.java:112) - [Utils] MethodGroupsHelper.sortMethods() took 6 ms.
2024-11-21T21:17:14,587 [main] INFO  (Logger.java:112) - [Utils] MethodGroupsHelper.collectMethodsByGroup() took 0 ms.
2024-11-21T21:17:14,588 [main] INFO  (Logger.java:112) - [Utils] MethodGroupsHelper.sortMethods() took 0 ms.
2024-11-21T21:17:14,589 [main] INFO  (Logger.java:112) - [Utils] MethodGroupsHelper.collectMethodsByGroup() took 0 ms.
2024-11-21T21:17:14,589 [main] INFO  (Logger.java:112) - [Utils] MethodGroupsHelper.sortMethods() took 0 ms.
2024-11-21T21:17:14,590 [main] INFO  (Logger.java:112) - [Utils] MethodGroupsHelper.collectMethodsByGroup() took 0 ms.
2024-11-21T21:17:14,590 [main] INFO  (Logger.java:112) - [Utils] MethodGroupsHelper.sortMethods() took 0 ms.
2024-11-21T21:17:14,593 [main] INFO  (Logger.java:112) - [Utils] MethodGroupsHelper.collectMethodsByGroup() took 0 ms.
2024-11-21T21:17:14,593 [main] INFO  (Logger.java:112) - [Utils] MethodGroupsHelper.sortMethods() took 0 ms.
2024-11-21T21:17:14,594 [main] INFO  (Logger.java:112) - [Utils] MethodGroupsHelper.collectMethodsByGroup() took 0 ms.
2024-11-21T21:17:14,594 [main] INFO  (Logger.java:112) - [Utils] MethodGroupsHelper.sortMethods() took 0 ms.
2024-11-21T21:17:14,595 [main] INFO  (Logger.java:112) - [Utils] MethodGroupsHelper.collectMethodsByGroup() took 0 ms.
2024-11-21T21:17:14,595 [main] INFO  (Logger.java:112) - [Utils] MethodGroupsHelper.sortMethods() took 0 ms.
2024-11-21T21:17:14,596 [main] INFO  (Logger.java:112) - [Utils] MethodGroupsHelper.collectMethodsByGroup() took 0 ms.
2024-11-21T21:17:14,596 [main] INFO  (Logger.java:112) - [Utils] MethodGroupsHelper.sortMethods() took 0 ms.
2024-11-21T21:17:14,606 [main] INFO  (Logger.java:112) - [Utils] MethodGroupsHelper.collectMethodsByGroup() took 9 ms.
2024-11-21T21:17:14,608 [main] INFO  (Logger.java:112) - [Utils] MethodGroupsHelper.sortMethods() took 0 ms.
2024-11-21T21:17:14,609 [main] INFO  (Logger.java:112) - [Utils] MethodGroupsHelper.collectMethodsByGroup() took 0 ms.
2024-11-21T21:17:14,610 [main] INFO  (Logger.java:112) - [Utils] MethodGroupsHelper.sortMethods() took 0 ms.
2024-11-21T21:17:14,610 [main] INFO  (Logger.java:112) - [Utils] MethodGroupsHelper.collectMethodsByGroup() took 0 ms.
2024-11-21T21:17:14,610 [main] INFO  (Logger.java:112) - [Utils] MethodGroupsHelper.sortMethods() took 0 ms.
2024-11-21T21:17:14,623 [main] INFO  (Logger.java:112) - [TestNG] Running:
  /private/var/folders/zg/4_v0khk15fd8lh1227_q8ypw0000gn/T/testng-eclipse--161732984/testng-customsuite.xml

2024-11-21T21:17:14,646 [main] INFO  (Logger.java:112) - [Utils] DynamicGraphHelper.createDynamicGraph() took 3 ms.
2024-11-21T21:17:22,992 [main] INFO  (Logger.java:112) - [TestNG] Time taken by org.testng.internal.ExitCodeListener@50b624da: 0 ms
2024-11-21T21:17:23,005 [main] INFO  (Logger.java:112) - [TestNG] Time taken by org.testng.reporters.SuiteHTMLReporter@53551fef: 13 ms
2024-11-21T21:17:23,042 [main] INFO  (Logger.java:112) - [TestNG] Time taken by org.testng.reporters.jq.Main@169d1f92: 37 ms
2024-11-21T21:17:23,051 [main] INFO  (Logger.java:112) - [TestNG] Time taken by org.testng.reporters.FailedReporter@6f25ed2b: 8 ms
2024-11-21T21:17:23,060 [main] INFO  (Logger.java:112) - [TestNG] Time taken by org.testng.reporters.XMLReporter@59043741: 9 ms
2024-11-21T21:17:23,067 [main] INFO  (Logger.java:112) - [TestNG] Time taken by org.testng.reporters.EmailableReporter2@46d51d5e: 7 ms
2024-11-21T21:17:23,072 [main] INFO  (Logger.java:112) - [TestNG] Time taken by org.testng.reporters.JUnitReportReporter@495f7ca4: 5 ms
2024-11-21T21:28:47,005 [main] INFO  (Logger.java:112) - [Utils] MethodGroupsHelper.collectMethodsByGroup() took 0 ms.
2024-11-21T21:28:47,009 [main] INFO  (Logger.java:112) - [Utils] MethodGroupsHelper.sortMethods() took 0 ms.
2024-11-21T21:28:47,011 [main] INFO  (Logger.java:112) - [Utils] MethodGroupsHelper.collectMethodsByGroup() took 0 ms.
2024-11-21T21:28:47,011 [main] INFO  (Logger.java:112) - [Utils] MethodGroupsHelper.sortMethods() took 0 ms.
2024-11-21T21:28:47,011 [main] INFO  (Logger.java:112) - [Utils] MethodGroupsHelper.collectMethodsByGroup() took 0 ms.
2024-11-21T21:28:47,012 [main] INFO  (Logger.java:112) - [Utils] MethodGroupsHelper.sortMethods() took 0 ms.
2024-11-21T21:28:47,012 [main] INFO  (Logger.java:112) - [Utils] MethodGroupsHelper.collectMethodsByGroup() took 0 ms.
2024-11-21T21:28:47,012 [main] INFO  (Logger.java:112) - [Utils] MethodGroupsHelper.sortMethods() took 0 ms.
2024-11-21T21:28:47,014 [main] INFO  (Logger.java:112) - [Utils] MethodGroupsHelper.collectMethodsByGroup() took 0 ms.
2024-11-21T21:28:47,020 [main] INFO  (Logger.java:112) - [Utils] MethodGroupsHelper.sortMethods() took 6 ms.
2024-11-21T21:28:47,022 [main] INFO  (Logger.java:112) - [Utils] MethodGroupsHelper.collectMethodsByGroup() took 0 ms.
2024-11-21T21:28:47,022 [main] INFO  (Logger.java:112) - [Utils] MethodGroupsHelper.sortMethods() took 0 ms.
2024-11-21T21:28:47,023 [main] INFO  (Logger.java:112) - [Utils] MethodGroupsHelper.collectMethodsByGroup() took 0 ms.
2024-11-21T21:28:47,023 [main] INFO  (Logger.java:112) - [Utils] MethodGroupsHelper.sortMethods() took 0 ms.
2024-11-21T21:28:47,023 [main] INFO  (Logger.java:112) - [Utils] MethodGroupsHelper.collectMethodsByGroup() took 0 ms.
2024-11-21T21:28:47,024 [main] INFO  (Logger.java:112) - [Utils] MethodGroupsHelper.sortMethods() took 0 ms.
2024-11-21T21:28:47,025 [main] INFO  (Logger.java:112) - [Utils] MethodGroupsHelper.collectMethodsByGroup() took 0 ms.
2024-11-21T21:28:47,025 [main] INFO  (Logger.java:112) - [Utils] MethodGroupsHelper.sortMethods() took 0 ms.
2024-11-21T21:28:47,026 [main] INFO  (Logger.java:112) - [Utils] MethodGroupsHelper.collectMethodsByGroup() took 0 ms.
2024-11-21T21:28:47,026 [main] INFO  (Logger.java:112) - [Utils] MethodGroupsHelper.sortMethods() took 0 ms.
2024-11-21T21:28:47,027 [main] INFO  (Logger.java:112) - [Utils] MethodGroupsHelper.collectMethodsByGroup() took 0 ms.
2024-11-21T21:28:47,027 [main] INFO  (Logger.java:112) - [Utils] MethodGroupsHelper.sortMethods() took 0 ms.
2024-11-21T21:28:47,027 [main] INFO  (Logger.java:112) - [Utils] MethodGroupsHelper.collectMethodsByGroup() took 0 ms.
2024-11-21T21:28:47,027 [main] INFO  (Logger.java:112) - [Utils] MethodGroupsHelper.sortMethods() took 0 ms.
2024-11-21T21:28:47,032 [main] INFO  (Logger.java:112) - [Utils] MethodGroupsHelper.collectMethodsByGroup() took 3 ms.
2024-11-21T21:28:47,032 [main] INFO  (Logger.java:112) - [Utils] MethodGroupsHelper.sortMethods() took 0 ms.
2024-11-21T21:28:47,033 [main] INFO  (Logger.java:112) - [Utils] MethodGroupsHelper.collectMethodsByGroup() took 0 ms.
2024-11-21T21:28:47,033 [main] INFO  (Logger.java:112) - [Utils] MethodGroupsHelper.sortMethods() took 0 ms.
2024-11-21T21:28:47,033 [main] INFO  (Logger.java:112) - [Utils] MethodGroupsHelper.collectMethodsByGroup() took 0 ms.
2024-11-21T21:28:47,034 [main] INFO  (Logger.java:112) - [Utils] MethodGroupsHelper.sortMethods() took 0 ms.
2024-11-21T21:28:47,038 [main] INFO  (Logger.java:112) - [TestNG] Running:
  /private/var/folders/zg/4_v0khk15fd8lh1227_q8ypw0000gn/T/testng-eclipse-353982663/testng-customsuite.xml

2024-11-21T21:28:47,050 [main] INFO  (Logger.java:112) - [Utils] DynamicGraphHelper.createDynamicGraph() took 2 ms.
2024-11-21T21:28:55,506 [main] INFO  (Logger.java:112) - [TestNG] Time taken by org.testng.internal.ExitCodeListener@2634d000: 0 ms
2024-11-21T21:28:55,520 [main] INFO  (Logger.java:112) - [TestNG] Time taken by org.testng.reporters.SuiteHTMLReporter@2ef1fc8a: 14 ms
2024-11-21T21:28:55,556 [main] INFO  (Logger.java:112) - [TestNG] Time taken by org.testng.reporters.jq.Main@1fcfcf37: 36 ms
2024-11-21T21:28:55,565 [main] INFO  (Logger.java:112) - [TestNG] Time taken by org.testng.reporters.FailedReporter@7535307c: 9 ms
2024-11-21T21:28:55,575 [main] INFO  (Logger.java:112) - [TestNG] Time taken by org.testng.reporters.XMLReporter@510a2c7: 10 ms
2024-11-21T21:28:55,583 [main] INFO  (Logger.java:112) - [TestNG] Time taken by org.testng.reporters.EmailableReporter2@64fba3e6: 8 ms
2024-11-21T21:28:55,589 [main] INFO  (Logger.java:112) - [TestNG] Time taken by org.testng.reporters.JUnitReportReporter@57617a75: 4 ms
2024-11-21T21:31:23,025 [main] INFO  (Logger.java:112) - [Utils] MethodGroupsHelper.collectMethodsByGroup() took 0 ms.
2024-11-21T21:31:23,036 [main] INFO  (Logger.java:112) - [Utils] MethodGroupsHelper.sortMethods() took 2 ms.
2024-11-21T21:31:23,038 [main] INFO  (Logger.java:112) - [Utils] MethodGroupsHelper.collectMethodsByGroup() took 0 ms.
2024-11-21T21:31:23,038 [main] INFO  (Logger.java:112) - [Utils] MethodGroupsHelper.sortMethods() took 0 ms.
2024-11-21T21:31:23,039 [main] INFO  (Logger.java:112) - [Utils] MethodGroupsHelper.collectMethodsByGroup() took 0 ms.
2024-11-21T21:31:23,039 [main] INFO  (Logger.java:112) - [Utils] MethodGroupsHelper.sortMethods() took 0 ms.
2024-11-21T21:31:23,040 [main] INFO  (Logger.java:112) - [Utils] MethodGroupsHelper.collectMethodsByGroup() took 0 ms.
2024-11-21T21:31:23,040 [main] INFO  (Logger.java:112) - [Utils] MethodGroupsHelper.sortMethods() took 0 ms.
2024-11-21T21:31:23,042 [main] INFO  (Logger.java:112) - [Utils] MethodGroupsHelper.collectMethodsByGroup() took 0 ms.
2024-11-21T21:31:23,049 [main] INFO  (Logger.java:112) - [Utils] MethodGroupsHelper.sortMethods() took 6 ms.
2024-11-21T21:31:23,051 [main] INFO  (Logger.java:112) - [Utils] MethodGroupsHelper.collectMethodsByGroup() took 0 ms.
2024-11-21T21:31:23,051 [main] INFO  (Logger.java:112) - [Utils] MethodGroupsHelper.sortMethods() took 0 ms.
2024-11-21T21:31:23,052 [main] INFO  (Logger.java:112) - [Utils] MethodGroupsHelper.collectMethodsByGroup() took 0 ms.
2024-11-21T21:31:23,052 [main] INFO  (Logger.java:112) - [Utils] MethodGroupsHelper.sortMethods() took 0 ms.
2024-11-21T21:31:23,053 [main] INFO  (Logger.java:112) - [Utils] MethodGroupsHelper.collectMethodsByGroup() took 0 ms.
2024-11-21T21:31:23,053 [main] INFO  (Logger.java:112) - [Utils] MethodGroupsHelper.sortMethods() took 0 ms.
2024-11-21T21:31:23,055 [main] INFO  (Logger.java:112) - [Utils] MethodGroupsHelper.collectMethodsByGroup() took 0 ms.
2024-11-21T21:31:23,055 [main] INFO  (Logger.java:112) - [Utils] MethodGroupsHelper.sortMethods() took 0 ms.
2024-11-21T21:31:23,055 [main] INFO  (Logger.java:112) - [Utils] MethodGroupsHelper.collectMethodsByGroup() took 0 ms.
2024-11-21T21:31:23,056 [main] INFO  (Logger.java:112) - [Utils] MethodGroupsHelper.sortMethods() took 0 ms.
2024-11-21T21:31:23,057 [main] INFO  (Logger.java:112) - [Utils] MethodGroupsHelper.collectMethodsByGroup() took 0 ms.
2024-11-21T21:31:23,057 [main] INFO  (Logger.java:112) - [Utils] MethodGroupsHelper.sortMethods() took 0 ms.
2024-11-21T21:31:23,057 [main] INFO  (Logger.java:112) - [Utils] MethodGroupsHelper.collectMethodsByGroup() took 0 ms.
2024-11-21T21:31:23,058 [main] INFO  (Logger.java:112) - [Utils] MethodGroupsHelper.sortMethods() took 0 ms.
2024-11-21T21:31:23,063 [main] INFO  (Logger.java:112) - [Utils] MethodGroupsHelper.collectMethodsByGroup() took 4 ms.
2024-11-21T21:31:23,063 [main] INFO  (Logger.java:112) - [Utils] MethodGroupsHelper.sortMethods() took 0 ms.
2024-11-21T21:31:23,064 [main] INFO  (Logger.java:112) - [Utils] MethodGroupsHelper.collectMethodsByGroup() took 0 ms.
2024-11-21T21:31:23,064 [main] INFO  (Logger.java:112) - [Utils] MethodGroupsHelper.sortMethods() took 0 ms.
2024-11-21T21:31:23,065 [main] INFO  (Logger.java:112) - [Utils] MethodGroupsHelper.collectMethodsByGroup() took 0 ms.
2024-11-21T21:31:23,065 [main] INFO  (Logger.java:112) - [Utils] MethodGroupsHelper.sortMethods() took 0 ms.
2024-11-21T21:31:23,072 [main] INFO  (Logger.java:112) - [TestNG] Running:
  /private/var/folders/zg/4_v0khk15fd8lh1227_q8ypw0000gn/T/testng-eclipse--1732713126/testng-customsuite.xml

2024-11-21T21:31:23,094 [main] INFO  (Logger.java:112) - [Utils] DynamicGraphHelper.createDynamicGraph() took 4 ms.
2024-11-21T21:32:46,517 [main] INFO  (Logger.java:112) - [TestNG] Time taken by org.testng.internal.ExitCodeListener@1642968c: 0 ms
2024-11-21T21:32:46,530 [main] INFO  (Logger.java:112) - [TestNG] Time taken by org.testng.reporters.SuiteHTMLReporter@38874eb5: 13 ms
2024-11-21T21:32:46,569 [main] INFO  (Logger.java:112) - [TestNG] Time taken by org.testng.reporters.jq.Main@61503d00: 38 ms
2024-11-21T21:32:46,580 [main] INFO  (Logger.java:112) - [TestNG] Time taken by org.testng.reporters.FailedReporter@3539cf45: 10 ms
2024-11-21T21:32:46,591 [main] INFO  (Logger.java:112) - [TestNG] Time taken by org.testng.reporters.XMLReporter@7d563c13: 11 ms
2024-11-21T21:32:46,599 [main] INFO  (Logger.java:112) - [TestNG] Time taken by org.testng.reporters.EmailableReporter2@aaa7000: 8 ms
2024-11-21T21:32:46,606 [main] INFO  (Logger.java:112) - [TestNG] Time taken by org.testng.reporters.JUnitReportReporter@65698020: 7 ms
2024-11-21T21:54:24,585 [main] INFO  (Logger.java:112) - [Utils] MethodGroupsHelper.collectMethodsByGroup() took 0 ms.
2024-11-21T21:54:24,599 [main] INFO  (Logger.java:112) - [Utils] MethodGroupsHelper.sortMethods() took 1 ms.
2024-11-21T21:54:24,601 [main] INFO  (Logger.java:112) - [Utils] MethodGroupsHelper.collectMethodsByGroup() took 0 ms.
2024-11-21T21:54:24,602 [main] INFO  (Logger.java:112) - [Utils] MethodGroupsHelper.sortMethods() took 0 ms.
2024-11-21T21:54:24,604 [main] INFO  (Logger.java:112) - [Utils] MethodGroupsHelper.collectMethodsByGroup() took 0 ms.
2024-11-21T21:54:24,606 [main] INFO  (Logger.java:112) - [Utils] MethodGroupsHelper.sortMethods() took 0 ms.
2024-11-21T21:54:24,608 [main] INFO  (Logger.java:112) - [Utils] MethodGroupsHelper.collectMethodsByGroup() took 0 ms.
2024-11-21T21:54:24,609 [main] INFO  (Logger.java:112) - [Utils] MethodGroupsHelper.sortMethods() took 0 ms.
2024-11-21T21:54:24,613 [main] INFO  (Logger.java:112) - [Utils] MethodGroupsHelper.collectMethodsByGroup() took 0 ms.
2024-11-21T21:54:24,623 [main] INFO  (Logger.java:112) - [Utils] MethodGroupsHelper.sortMethods() took 9 ms.
2024-11-21T21:54:24,625 [main] INFO  (Logger.java:112) - [Utils] MethodGroupsHelper.collectMethodsByGroup() took 0 ms.
2024-11-21T21:54:24,626 [main] INFO  (Logger.java:112) - [Utils] MethodGroupsHelper.sortMethods() took 0 ms.
2024-11-21T21:54:24,627 [main] INFO  (Logger.java:112) - [Utils] MethodGroupsHelper.collectMethodsByGroup() took 0 ms.
2024-11-21T21:54:24,627 [main] INFO  (Logger.java:112) - [Utils] MethodGroupsHelper.sortMethods() took 0 ms.
2024-11-21T21:54:24,627 [main] INFO  (Logger.java:112) - [Utils] MethodGroupsHelper.collectMethodsByGroup() took 0 ms.
2024-11-21T21:54:24,628 [main] INFO  (Logger.java:112) - [Utils] MethodGroupsHelper.sortMethods() took 0 ms.
2024-11-21T21:54:24,630 [main] INFO  (Logger.java:112) - [Utils] MethodGroupsHelper.collectMethodsByGroup() took 0 ms.
2024-11-21T21:54:24,630 [main] INFO  (Logger.java:112) - [Utils] MethodGroupsHelper.sortMethods() took 0 ms.
2024-11-21T21:54:24,631 [main] INFO  (Logger.java:112) - [Utils] MethodGroupsHelper.collectMethodsByGroup() took 0 ms.
2024-11-21T21:54:24,631 [main] INFO  (Logger.java:112) - [Utils] MethodGroupsHelper.sortMethods() took 0 ms.
2024-11-21T21:54:24,632 [main] INFO  (Logger.java:112) - [Utils] MethodGroupsHelper.collectMethodsByGroup() took 0 ms.
2024-11-21T21:54:24,632 [main] INFO  (Logger.java:112) - [Utils] MethodGroupsHelper.sortMethods() took 0 ms.
2024-11-21T21:54:24,632 [main] INFO  (Logger.java:112) - [Utils] MethodGroupsHelper.collectMethodsByGroup() took 0 ms.
2024-11-21T21:54:24,633 [main] INFO  (Logger.java:112) - [Utils] MethodGroupsHelper.sortMethods() took 0 ms.
2024-11-21T21:54:24,639 [main] INFO  (Logger.java:112) - [Utils] MethodGroupsHelper.collectMethodsByGroup() took 5 ms.
2024-11-21T21:54:24,640 [main] INFO  (Logger.java:112) - [Utils] MethodGroupsHelper.sortMethods() took 0 ms.
2024-11-21T21:54:24,642 [main] INFO  (Logger.java:112) - [Utils] MethodGroupsHelper.collectMethodsByGroup() took 0 ms.
2024-11-21T21:54:24,642 [main] INFO  (Logger.java:112) - [Utils] MethodGroupsHelper.sortMethods() took 0 ms.
2024-11-21T21:54:24,642 [main] INFO  (Logger.java:112) - [Utils] MethodGroupsHelper.collectMethodsByGroup() took 0 ms.
2024-11-21T21:54:24,642 [main] INFO  (Logger.java:112) - [Utils] MethodGroupsHelper.sortMethods() took 0 ms.
2024-11-21T21:54:24,650 [main] INFO  (Logger.java:112) - [TestNG] Running:
  /private/var/folders/zg/4_v0khk15fd8lh1227_q8ypw0000gn/T/testng-eclipse-1627001511/testng-customsuite.xml

2024-11-21T21:54:24,666 [main] INFO  (Logger.java:112) - [Utils] DynamicGraphHelper.createDynamicGraph() took 3 ms.
2024-11-21T21:58:58,989 [main] INFO  (Logger.java:112) - [Utils] MethodGroupsHelper.collectMethodsByGroup() took 0 ms.
2024-11-21T21:58:58,994 [main] INFO  (Logger.java:112) - [Utils] MethodGroupsHelper.sortMethods() took 0 ms.
2024-11-21T21:58:58,996 [main] INFO  (Logger.java:112) - [Utils] MethodGroupsHelper.collectMethodsByGroup() took 0 ms.
2024-11-21T21:58:58,996 [main] INFO  (Logger.java:112) - [Utils] MethodGroupsHelper.sortMethods() took 0 ms.
2024-11-21T21:58:58,997 [main] INFO  (Logger.java:112) - [Utils] MethodGroupsHelper.collectMethodsByGroup() took 0 ms.
2024-11-21T21:58:58,997 [main] INFO  (Logger.java:112) - [Utils] MethodGroupsHelper.sortMethods() took 0 ms.
2024-11-21T21:58:58,997 [main] INFO  (Logger.java:112) - [Utils] MethodGroupsHelper.collectMethodsByGroup() took 0 ms.
2024-11-21T21:58:58,998 [main] INFO  (Logger.java:112) - [Utils] MethodGroupsHelper.sortMethods() took 0 ms.
2024-11-21T21:58:58,999 [main] INFO  (Logger.java:112) - [Utils] MethodGroupsHelper.collectMethodsByGroup() took 0 ms.
2024-11-21T21:58:59,005 [main] INFO  (Logger.java:112) - [Utils] MethodGroupsHelper.sortMethods() took 6 ms.
2024-11-21T21:58:59,007 [main] INFO  (Logger.java:112) - [Utils] MethodGroupsHelper.collectMethodsByGroup() took 0 ms.
2024-11-21T21:58:59,008 [main] INFO  (Logger.java:112) - [Utils] MethodGroupsHelper.sortMethods() took 0 ms.
2024-11-21T21:58:59,008 [main] INFO  (Logger.java:112) - [Utils] MethodGroupsHelper.collectMethodsByGroup() took 0 ms.
2024-11-21T21:58:59,009 [main] INFO  (Logger.java:112) - [Utils] MethodGroupsHelper.sortMethods() took 0 ms.
2024-11-21T21:58:59,009 [main] INFO  (Logger.java:112) - [Utils] MethodGroupsHelper.collectMethodsByGroup() took 0 ms.
2024-11-21T21:58:59,010 [main] INFO  (Logger.java:112) - [Utils] MethodGroupsHelper.sortMethods() took 0 ms.
2024-11-21T21:58:59,012 [main] INFO  (Logger.java:112) - [Utils] MethodGroupsHelper.collectMethodsByGroup() took 0 ms.
2024-11-21T21:58:59,012 [main] INFO  (Logger.java:112) - [Utils] MethodGroupsHelper.sortMethods() took 0 ms.
2024-11-21T21:58:59,013 [main] INFO  (Logger.java:112) - [Utils] MethodGroupsHelper.collectMethodsByGroup() took 0 ms.
2024-11-21T21:58:59,013 [main] INFO  (Logger.java:112) - [Utils] MethodGroupsHelper.sortMethods() took 0 ms.
2024-11-21T21:58:59,014 [main] INFO  (Logger.java:112) - [Utils] MethodGroupsHelper.collectMethodsByGroup() took 0 ms.
2024-11-21T21:58:59,014 [main] INFO  (Logger.java:112) - [Utils] MethodGroupsHelper.sortMethods() took 0 ms.
2024-11-21T21:58:59,015 [main] INFO  (Logger.java:112) - [Utils] MethodGroupsHelper.collectMethodsByGroup() took 0 ms.
2024-11-21T21:58:59,015 [main] INFO  (Logger.java:112) - [Utils] MethodGroupsHelper.sortMethods() took 0 ms.
2024-11-21T21:58:59,021 [main] INFO  (Logger.java:112) - [Utils] MethodGroupsHelper.collectMethodsByGroup() took 5 ms.
2024-11-21T21:58:59,023 [main] INFO  (Logger.java:112) - [Utils] MethodGroupsHelper.sortMethods() took 0 ms.
2024-11-21T21:58:59,025 [main] INFO  (Logger.java:112) - [Utils] MethodGroupsHelper.collectMethodsByGroup() took 0 ms.
2024-11-21T21:58:59,026 [main] INFO  (Logger.java:112) - [Utils] MethodGroupsHelper.sortMethods() took 0 ms.
2024-11-21T21:58:59,027 [main] INFO  (Logger.java:112) - [Utils] MethodGroupsHelper.collectMethodsByGroup() took 0 ms.
2024-11-21T21:58:59,027 [main] INFO  (Logger.java:112) - [Utils] MethodGroupsHelper.sortMethods() took 0 ms.
2024-11-21T21:58:59,035 [main] INFO  (Logger.java:112) - [TestNG] Running:
  /private/var/folders/zg/4_v0khk15fd8lh1227_q8ypw0000gn/T/testng-eclipse--8182959/testng-customsuite.xml

2024-11-21T21:58:59,049 [main] INFO  (Logger.java:112) - [Utils] DynamicGraphHelper.createDynamicGraph() took 3 ms.
2024-11-21T21:59:07,481 [main] INFO  (Logger.java:112) - [TestNG] Time taken by org.testng.internal.ExitCodeListener@6d0bcf8c: 0 ms
2024-11-21T21:59:07,494 [main] INFO  (Logger.java:112) - [TestNG] Time taken by org.testng.reporters.SuiteHTMLReporter@74919649: 13 ms
2024-11-21T21:59:07,534 [main] INFO  (Logger.java:112) - [TestNG] Time taken by org.testng.reporters.jq.Main@138a952f: 40 ms
2024-11-21T21:59:07,543 [main] INFO  (Logger.java:112) - [TestNG] Time taken by org.testng.reporters.FailedReporter@1eab0700: 9 ms
2024-11-21T21:59:07,553 [main] INFO  (Logger.java:112) - [TestNG] Time taken by org.testng.reporters.XMLReporter@45017263: 10 ms
2024-11-21T21:59:07,560 [main] INFO  (Logger.java:112) - [TestNG] Time taken by org.testng.reporters.EmailableReporter2@45375bdf: 7 ms
2024-11-21T21:59:07,567 [main] INFO  (Logger.java:112) - [TestNG] Time taken by org.testng.reporters.JUnitReportReporter@744db9fb: 6 ms
